<?xml version="1.0" encoding="UTF-8"?>
<!-- Generated by org.testng.reporters.JUnitXMLReporter -->
<testsuite ignored="0" hostname="LP-5CD212M0Y5" failures="0" tests="3" name="Default test" time="1.508" errors="0" timestamp="2025-09-02T22:43:19 IST">
  <testcase classname="OG_image.BaseTest" name="@BeforeTest beforeTest" time="1.38">
    <failure type="org.openqa.selenium.remote.NoSuchDriverException" message="Unable to obtain: Capabilities {browserName: MicrosoftEdge, ms:edgeOptions: {args: [--remote-allow-origins=*, --disable-blink-features=Au..., user-agent=Mozilla/5.0 (Win..., --headless=new, --disable-gpu, --window-size=1920,1080, start-maximized], excludeSwitches: [enable-automation], extensions: [], useAutomationExtension: false}}, error Command failed with code: 65, executed: [C:\Users\V-RKAM~1\AppData\Local\Temp\selenium-manager125217431934690015319593512936099686\selenium-manager.exe, --browser, MicrosoftEdge, --output, json]
error sending request for url (https://msedgedriver.azureedge.net/LATEST_STABLE): error trying to connect: dns error: No such host is known. (os error 11001)
Build info: version: &amp;apos;4.11.0&amp;apos;, revision: &amp;apos;040bc5406b&amp;apos;
System info: os.name: &amp;apos;Windows 11&amp;apos;, os.arch: &amp;apos;amd64&amp;apos;, os.version: &amp;apos;10.0&amp;apos;, java.version: &amp;apos;21.0.7&amp;apos;
Driver info: driver.version: EdgeDriver">
      <![CDATA[org.openqa.selenium.remote.NoSuchDriverException: Unable to obtain: Capabilities {browserName: MicrosoftEdge, ms:edgeOptions: {args: [--remote-allow-origins=*, --disable-blink-features=Au..., user-agent=Mozilla/5.0 (Win..., --headless=new, --disable-gpu, --window-size=1920,1080, start-maximized], excludeSwitches: [enable-automation], extensions: [], useAutomationExtension: false}}, error Command failed with code: 65, executed: [C:\Users\V-RKAM~1\AppData\Local\Temp\selenium-manager125217431934690015319593512936099686\selenium-manager.exe, --browser, MicrosoftEdge, --output, json]
error sending request for url (https://msedgedriver.azureedge.net/LATEST_STABLE): error trying to connect: dns error: No such host is known. (os error 11001)
Build info: version: '4.11.0', revision: '040bc5406b'
System info: os.name: 'Windows 11', os.arch: 'amd64', os.version: '10.0', java.version: '21.0.7'
Driver info: driver.version: EdgeDriver
at org.openqa.selenium.remote.service.DriverFinder.getPath(DriverFinder.java:25)
at org.openqa.selenium.remote.service.DriverFinder.getPath(DriverFinder.java:13)
at org.openqa.selenium.edge.EdgeDriver.generateExecutor(EdgeDriver.java:71)
at org.openqa.selenium.edge.EdgeDriver.<init>(EdgeDriver.java:60)
at org.openqa.selenium.edge.EdgeDriver.<init>(EdgeDriver.java:56)
at org.openqa.selenium.edge.EdgeDriver.<init>(EdgeDriver.java:48)
at OG_image.BaseTest.beforeTest(BaseTest.java:72)
at java.base/jdk.internal.reflect.DirectMethodHandleAccessor.invoke(DirectMethodHandleAccessor.java:103)
at java.base/java.lang.reflect.Method.invoke(Method.java:580)
at org.testng.internal.invokers.MethodInvocationHelper.invokeMethod(MethodInvocationHelper.java:141)
at org.testng.internal.invokers.MethodInvocationHelper.invokeMethodConsideringTimeout(MethodInvocationHelper.java:71)
at org.testng.internal.invokers.ConfigInvoker.invokeConfigurationMethod(ConfigInvoker.java:400)
at org.testng.internal.invokers.ConfigInvoker.invokeConfigurations(ConfigInvoker.java:333)
at org.testng.TestRunner.invokeTestConfigurations(TestRunner.java:657)
at org.testng.TestRunner.beforeRun(TestRunner.java:646)
at org.testng.TestRunner.run(TestRunner.java:612)
at org.testng.SuiteRunner.runTest(SuiteRunner.java:421)
at org.testng.SuiteRunner.runSequentially(SuiteRunner.java:413)
at org.testng.SuiteRunner.privateRun(SuiteRunner.java:373)
at org.testng.SuiteRunner.run(SuiteRunner.java:312)
at org.testng.SuiteRunnerWorker.runSuite(SuiteRunnerWorker.java:52)
at org.testng.SuiteRunnerWorker.run(SuiteRunnerWorker.java:95)
at org.testng.TestNG.runSuitesSequentially(TestNG.java:1274)
at org.testng.TestNG.runSuitesLocally(TestNG.java:1208)
at org.testng.TestNG.runSuites(TestNG.java:1112)
at org.testng.TestNG.run(TestNG.java:1079)
at org.testng.remote.AbstractRemoteTestNG.run(AbstractRemoteTestNG.java:115)
at org.testng.remote.RemoteTestNG.initAndRun(RemoteTestNG.java:293)
at org.testng.remote.RemoteTestNG.main(RemoteTestNG.java:91)
Caused by: org.openqa.selenium.WebDriverException: Command failed with code: 65, executed: [C:\Users\V-RKAM~1\AppData\Local\Temp\selenium-manager125217431934690015319593512936099686\selenium-manager.exe, --browser, MicrosoftEdge, --output, json]
error sending request for url (https://msedgedriver.azureedge.net/LATEST_STABLE): error trying to connect: dns error: No such host is known. (os error 11001)
Build info: version: '4.11.0', revision: '040bc5406b'
System info: os.name: 'Windows 11', os.arch: 'amd64', os.version: '10.0', java.version: '21.0.7'
Driver info: driver.version: EdgeDriver
at org.openqa.selenium.manager.SeleniumManager.runCommand(SeleniumManager.java:151)
at org.openqa.selenium.manager.SeleniumManager.getDriverPath(SeleniumManager.java:273)
at org.openqa.selenium.remote.service.DriverFinder.getPath(DriverFinder.java:22)
... 28 more
]]>
    </failure>
  </testcase> <!-- @BeforeTest beforeTest -->
  <testcase classname="OG_image.BaseTest" name="@AfterTest afterTest" time="0.0">
    <skipped/>
  </testcase> <!-- @AfterTest afterTest -->
  <testcase classname="OG_image.ScrappersFacebook" name="facebookLanding" time="0.0">
    <skipped/>
  </testcase> <!-- facebookLanding -->
  <testcase classname="OG_image.ScrappersFacebook" name="facebookPostInce" time="0.0">
    <skipped/>
  </testcase> <!-- facebookPostInce -->
  <testcase classname="OG_image.ScrappersFacebook" name="logLastLine" time="0.001">
    <skipped/>
  </testcase> <!-- logLastLine -->
</testsuite> <!-- Default test -->
