<?xml version="1.0" encoding="UTF-8"?>
<!-- Generated by org.testng.reporters.JUnitXMLReporter -->
<testsuite ignored="0" hostname="DESKTOP-1GE5BDV" failures="0" tests="4" name="Test1" time="32.702" errors="0" timestamp="2025-05-23T21:21:33 IST">
  <testcase classname="OG_image.FacebookLogin" name="faceBookLogin" time="8.066"/>
  <testcase classname="OG_image.FacebookLogin" name="faceBookLogin" time="2.927"/>
  <testcase classname="OG_image.FacebookLogin" name="faceBookLogin" time="3.195"/>
  <testcase classname="OG_image.FacebookLogin" name="faceBookLogin" time="3.423"/>
</testsuite> <!-- Test1 -->
