<?xml version="1.0" encoding="UTF-8"?>
<!-- Generated by org.testng.reporters.JUnitXMLReporter -->
<testsuite ignored="0" hostname="DESKTOP-1GE5BDV" failures="0" tests="12" name="Test" time="106.357" errors="0" timestamp="2025-05-23T21:28:45 IST">
  <testcase classname="OG_image.LinkedInLogin" name="LinkedIN" time="7.651"/>
  <testcase classname="OG_image.LinkedInLogin" name="LinkedIN" time="7.253"/>
  <testcase classname="OG_image.LinkedInLogin" name="LinkedIN" time="6.464"/>
  <testcase classname="OG_image.LinkedInLogin" name="LinkedIN" time="6.442"/>
  <testcase classname="OG_image.FacebookLogin" name="faceBookLogin" time="4.201"/>
  <testcase classname="OG_image.FacebookLogin" name="faceBookLogin" time="3.998"/>
  <testcase classname="OG_image.FacebookLogin" name="faceBookLogin" time="3.618"/>
  <testcase classname="OG_image.FacebookLogin" name="faceBookLogin" time="2.74"/>
  <testcase classname="OG_image.TwitterLogin" name="twitterLogin" time="4.725"/>
  <testcase classname="OG_image.TwitterLogin" name="twitterLogin" time="4.736"/>
  <testcase classname="OG_image.TwitterLogin" name="twitterLogin" time="4.516"/>
  <testcase classname="OG_image.TwitterLogin" name="twitterLogin" time="4.593"/>
</testsuite> <!-- Test -->
