<?xml version="1.0" encoding="UTF-8"?>
<!-- Generated by org.testng.reporters.JUnitXMLReporter -->
<testsuite ignored="0" hostname="DESKTOP-1GE5BDV" failures="0" tests="4" name="Test2" time="36.235" errors="0" timestamp="2025-05-23T21:22:09 IST">
  <testcase classname="OG_image.TwitterLogin" name="twitterLogin" time="10.004"/>
  <testcase classname="OG_image.TwitterLogin" name="twitterLogin" time="4.542"/>
  <testcase classname="OG_image.TwitterLogin" name="twitterLogin" time="4.54"/>
  <testcase classname="OG_image.TwitterLogin" name="twitterLogin" time="4.643"/>
</testsuite> <!-- Test2 -->
