<?xml version="1.0" encoding="UTF-8"?>
<!-- Generated by org.testng.reporters.JUnitXMLReporter -->
<testsuite ignored="0" hostname="LP-5CD212M0Y5" failures="0" tests="3" name="ScrapperTests1" time="51.202" errors="0" timestamp="2025-07-24T14:24:35 IST">
  <testcase classname="OG_image.ScrappersTwitter" name="twitterLanding" time="30.138"/>
  <testcase classname="OG_image.ScrappersTwitter" name="twitterInspectPost" time="3.544"/>
  <testcase classname="OG_image.ScrappersTwitter" name="logLastLine" time="0.009"/>
</testsuite> <!-- ScrapperTests1 -->
