<?xml version="1.0" encoding="UTF-8"?>
<!-- Generated by org.testng.reporters.JUnitXMLReporter -->
<testsuite ignored="0" hostname="MKTtools" failures="0" tests="3" name="ScrapperTests2" time="11.683" errors="0" timestamp="2025-11-16T10:22:30 IST">
  <testcase classname="OG_image.ScrappersLinkedIn" name="LikedInLanding" time="7.571"/>
  <testcase classname="OG_image.ScrappersLinkedIn" name="LinkedInPostInception" time="3.253"/>
  <testcase classname="OG_image.ScrappersLinkedIn" name="logLastLine" time="0.001"/>
</testsuite> <!-- ScrapperTests2 -->
