<?xml version="1.0" encoding="UTF-8"?>
<!-- Generated by org.testng.reporters.JUnitXMLReporter -->
<testsuite ignored="0" hostname="LP-5CD212M0Y5" failures="0" tests="4" name="ScrapperTests" time="29.28" errors="0" timestamp="2025-09-02T23:26:01 IST">
  <testcase classname="OG_image.ScrappersFacebook" name="facebookLanding" time="16.391"/>
  <testcase classname="OG_image.ScrappersFacebook" name="facebookPostInce" time="5.926"/>
  <testcase classname="OG_image.ScrappersFacebook" name="facebookPostInce" time="2.441"/>
  <testcase classname="OG_image.ScrappersFacebook" name="logLastLine" time="0.002"/>
</testsuite> <!-- ScrapperTests -->
