<?xml version="1.0" encoding="UTF-8"?>
<!-- Generated by org.testng.reporters.JUnitXMLReporter -->
<testsuite ignored="0" hostname="MKTtools" failures="0" tests="3" name="ScrapperTests" time="25.568" errors="0" timestamp="2025-11-16T10:22:11 IST">
  <testcase classname="OG_image.ScrappersFacebook" name="facebookLanding" time="19.449"/>
  <testcase classname="OG_image.ScrappersFacebook" name="facebookPostInce" time="3.626"/>
  <testcase classname="OG_image.ScrappersFacebook" name="logLastLine" time="0.002"/>
</testsuite> <!-- ScrapperTests -->
