<?xml version="1.0" encoding="UTF-8"?>
<!-- Generated by org.testng.reporters.JUnitXMLReporter -->
<testsuite ignored="0" hostname="MKTtools" failures="0" tests="3" name="ScrapperTests1" time="6.918" errors="0" timestamp="2025-11-16T10:22:18 IST">
  <testcase classname="OG_image.ScrappersTwitter" name="twitterLanding" time="1.61"/>
  <testcase classname="OG_image.ScrappersTwitter" name="twitterInspectPost" time="4.445"/>
  <testcase classname="OG_image.ScrappersTwitter" name="logLastLine" time="0.001"/>
</testsuite> <!-- ScrapperTests1 -->
