<?xml version="1.0" encoding="UTF-8"?>
<!-- Generated by org.testng.reporters.JUnitXMLReporter -->
<testsuite ignored="0" hostname="LP-5CD212M0Y5" failures="0" tests="4" name="ScrapperTests2" time="20.608" errors="0" timestamp="2025-09-02T23:26:21 IST">
  <testcase classname="OG_image.ScrappersLinkedIn" name="LikedInLanding" time="11.88"/>
  <testcase classname="OG_image.ScrappersLinkedIn" name="LinkedInPostInception" time="3.971"/>
  <testcase classname="OG_image.ScrappersLinkedIn" name="LinkedInPostInception" time="2.382"/>
  <testcase classname="OG_image.ScrappersLinkedIn" name="logLastLine" time="0.002"/>
</testsuite> <!-- ScrapperTests2 -->
