<?xml version="1.0" encoding="UTF-8"?>
<testsuite xmlns:xsi="http://www.w3.org/2001/XMLSchema-instance" xsi:noNamespaceSchemaLocation="https://maven.apache.org/surefire/maven-surefire-plugin/xsd/surefire-test-report-3.0.xsd" version="3.0" name="TestSuite" time="78.744" tests="10" errors="0" skipped="0" failures="0">
  <properties>
[...]
</properties>
  <testcase name="facebookLanding" classname="OG_image.ScrappersFacebook" time="30.653">
    <system-out><![CDATA[Before suite
✅ Loaded Crendentials.properties successfully
✅ Loaded Crendentials.properties successfully
2025-09-03 22:34:11 [TestNG-tests-2] INFO  Log - Browser session satrted...
2025-09-03 22:34:11 [TestNG-tests-1] INFO  Log - Browser session satrted...
2025-09-03 22:34:29 [TestNG-tests-1] INFO  Log - Navigating to facebook post incepator page...
2025-09-03 22:34:42 [TestNG-tests-1] INFO  Log - Loging in...
2025-09-03 22:34:42 [TestNG-tests-1] INFO  Log - Validating each URL and taking screen shots...
]]></system-out>
    <system-err><![CDATA[[main] WARN org.testng.xml.TestNGContentHandler - It is strongly recommended to add "<!DOCTYPE suite SYSTEM "https://testng.org/testng-1.1.dtd" >" at the top of the suite file [C:\Automation_Projects\Scrapper_autoamtion\Scrapper_autoamtion\testng.xml] otherwise TestNG may fail or not work as expected.
Sept 03, 2025 10:34:09 PM org.openqa.selenium.devtools.CdpVersionFinder findNearestMatch
WARNING: Unable to find CDP implementation matching 140
Sept 03, 2025 10:34:09 PM org.openqa.selenium.devtools.CdpVersionFinder findNearestMatch
WARNING: Unable to find CDP implementation matching 140
Sept 03, 2025 10:34:09 PM org.openqa.selenium.chromium.ChromiumDriver lambda$new$5
WARNING: Unable to find version of CDP to use for 140.0.7339.80. You may need to include a dependency on a specific version of the CDP using something similar to `org.seleniumhq.selenium:selenium-devtools-v86:4.11.0` where the version ("v86") matches the version of the chromium-based browser you're using and the version number of the artifact is the same as Selenium's.
Sept 03, 2025 10:34:09 PM org.openqa.selenium.chromium.ChromiumDriver lambda$new$5
WARNING: Unable to find version of CDP to use for 140.0.7339.80. You may need to include a dependency on a specific version of the CDP using something similar to `org.seleniumhq.selenium:selenium-devtools-v86:4.11.0` where the version ("v86") matches the version of the chromium-based browser you're using and the version number of the artifact is the same as Selenium's.
2025-09-03T17:04:11.311073100Z TestNG-tests-2 INFO Starting configuration XmlConfiguration[location=C:\Automation_Projects\Scrapper_autoamtion\Scrapper_autoamtion\target\test-classes\Log4j2.xml, lastModified=2025-08-08T08:39:27.059Z]...
2025-09-03T17:04:11.325052400Z TestNG-tests-2 INFO Configuration XmlConfiguration[location=C:\Automation_Projects\Scrapper_autoamtion\Scrapper_autoamtion\target\test-classes\Log4j2.xml, lastModified=2025-08-08T08:39:27.059Z] started.
2025-09-03T17:04:11.335885400Z TestNG-tests-2 INFO Stopping configuration org.apache.logging.log4j.core.config.DefaultConfiguration@29232ed2...
2025-09-03T17:04:11.341953200Z TestNG-tests-2 INFO Configuration org.apache.logging.log4j.core.config.DefaultConfiguration@29232ed2 stopped.
]]></system-err>
  </testcase>
  <testcase name="facebookPostInce[https://www.microsoft.com/en-us/surface](1)" classname="OG_image.ScrappersFacebook" time="6.738">
    <system-out><![CDATA[https://www.microsoft.com/en-us/surface
https://www.microsoft.com/en-us/surface
https://www.microsoft.com/en-us/surface
Screen shot taken successfully at: C:\Automation_Projects\Scrapper_autoamtion\Scrapper_autoamtion\static\0FaceBook.png
2025-09-03 22:34:51 [TestNG-tests-2] INFO  Log - Navigating to LinkedIn post incepator page...
]]></system-out>
  </testcase>
  <testcase name="facebookPostInce[https://www.microsoft.com/en-us/surface](2)" classname="OG_image.ScrappersFacebook" time="2.404">
    <system-out><![CDATA[https://www.microsoft.com/en-us/surface
https://www.microsoft.com/en-us/surface
https://www.microsoft.com/en-us/surface
Screen shot taken successfully at: C:\Automation_Projects\Scrapper_autoamtion\Scrapper_autoamtion\static\1FaceBook.png
]]></system-out>
  </testcase>
  <testcase name="facebookPostInce[https://www.microsoft.com/en-us/surface](3)" classname="OG_image.ScrappersFacebook" time="1.272">
    <system-out><![CDATA[Screen shot taken successfully at: C:\Automation_Projects\Scrapper_autoamtion\Scrapper_autoamtion\static\2FaceBook.png
]]></system-out>
  </testcase>
  <testcase name="logLastLine" classname="OG_image.ScrappersFacebook" time="0.013">
    <system-out><![CDATA[2025-09-03 22:35:00 [TestNG-tests-1] INFO  Log - Facebook scrappers validation has been completed..!
]]></system-out>
  </testcase>
  <testcase name="LikedInLanding" classname="OG_image.ScrappersLinkedIn" time="1.882">
    <system-out><![CDATA[2025-09-03 22:34:54 [TestNG-tests-2] INFO  Log - Loging in...
2025-09-03 22:34:54 [TestNG-tests-2] INFO  Log - Validating each URL and taking screen shots...
]]></system-out>
  </testcase>
  <testcase name="LinkedInPostInception[https://www.microsoft.com/en-us/surface](1)" classname="OG_image.ScrappersLinkedIn" time="2.784">
    <system-out><![CDATA[Screen shot taken successfully at: C:\Automation_Projects\Scrapper_autoamtion\Scrapper_autoamtion\static\0LinkedIN.png
]]></system-out>
  </testcase>
  <testcase name="LinkedInPostInception[https://www.microsoft.com/en-us/surface](2)" classname="OG_image.ScrappersLinkedIn" time="2.664">
    <system-out><![CDATA[2025-09-03 22:35:02 [TestNG-tests-1] INFO  Log - Browser session ended...
Screen shot taken successfully at: C:\Automation_Projects\Scrapper_autoamtion\Scrapper_autoamtion\static\1LinkedIN.png
]]></system-out>
  </testcase>
  <testcase name="LinkedInPostInception[https://www.microsoft.com/en-us/surface](3)" classname="OG_image.ScrappersLinkedIn" time="3.354">
    <system-out><![CDATA[Screen shot taken successfully at: C:\Automation_Projects\Scrapper_autoamtion\Scrapper_autoamtion\static\2LinkedIN.png
]]></system-out>
  </testcase>
  <testcase name="logLastLine" classname="OG_image.ScrappersLinkedIn" time="0.011">
    <system-out><![CDATA[2025-09-03 22:35:06 [TestNG-tests-2] INFO  Log - LinkedInPostInception scrappers validation has been completed..!
]]></system-out>
  </testcase>
</testsuite>