<?xml version="1.0" encoding="UTF-8"?>
<testng-results ignored="0" total="18" passed="13" failed="4" skipped="1">
  <reporter-output>
  </reporter-output>
  <suite started-at="2025-11-21T12:37:32 IST" name="All Test Suite" finished-at="2025-11-21T12:38:58 IST" duration-ms="86119">
    <groups>
    </groups>
    <test started-at="2025-11-21T12:37:32 IST" name="ScrapperTests" finished-at="2025-11-21T12:38:08 IST" duration-ms="36231">
      <class name="OG_image.ScrappersFacebook">
        <test-method is-config="true" signature="beforeTest()[pri:0, instance:OG_image.ScrappersFacebook@443118b0]" started-at="2025-11-21T12:37:32 IST" name="beforeTest" finished-at="2025-11-21T12:37:40 IST" duration-ms="7975" status="PASS">
          <reporter-output>
          </reporter-output>
        </test-method> <!-- beforeTest -->
        <test-method signature="facebookLanding()[pri:0, instance:OG_image.ScrappersFacebook@443118b0]" started-at="2025-11-21T12:37:40 IST" name="facebookLanding" finished-at="2025-11-21T12:37:58 IST" duration-ms="18455" status="PASS">
          <reporter-output>
          </reporter-output>
        </test-method> <!-- facebookLanding -->
        <test-method signature="facebookPostInce(java.lang.String)[pri:0, instance:OG_image.ScrappersFacebook@443118b0]" started-at="2025-11-21T12:38:00 IST" name="facebookPostInce" data-provider="needTotestUrls" finished-at="2025-11-21T12:38:02 IST" depends-on-methods="OG_image.ScrappersFacebook.facebookLanding" duration-ms="2115" status="PASS">
          <params>
            <param index="0">
              <value>
                <![CDATA[https://www.microsoft.com/en-us/surface]]>
              </value>
            </param>
          </params>
          <reporter-output>
          </reporter-output>
        </test-method> <!-- facebookPostInce -->
        <test-method signature="facebookPostInce(java.lang.String)[pri:0, instance:OG_image.ScrappersFacebook@443118b0]" started-at="2025-11-21T12:38:02 IST" name="facebookPostInce" data-provider="needTotestUrls" finished-at="2025-11-21T12:38:04 IST" depends-on-methods="OG_image.ScrappersFacebook.facebookLanding" duration-ms="2054" status="PASS">
          <params>
            <param index="0">
              <value>
                <![CDATA[https://www.microsoft.com/en-us/surface/devices/surface-pro]]>
              </value>
            </param>
          </params>
          <reporter-output>
          </reporter-output>
        </test-method> <!-- facebookPostInce -->
        <test-method signature="facebookPostInce(java.lang.String)[pri:0, instance:OG_image.ScrappersFacebook@443118b0]" started-at="2025-11-21T12:38:04 IST" name="facebookPostInce" data-provider="needTotestUrls" finished-at="2025-11-21T12:38:06 IST" depends-on-methods="OG_image.ScrappersFacebook.facebookLanding" duration-ms="1751" status="PASS">
          <params>
            <param index="0">
              <value>
                <![CDATA[https://www.microsoft.com/en-us/surface/devices/surface-laptop]]>
              </value>
            </param>
          </params>
          <reporter-output>
          </reporter-output>
        </test-method> <!-- facebookPostInce -->
        <test-method signature="facebookPostInce(java.lang.String)[pri:0, instance:OG_image.ScrappersFacebook@443118b0]" started-at="2025-11-21T12:38:06 IST" name="facebookPostInce" data-provider="needTotestUrls" finished-at="2025-11-21T12:38:08 IST" depends-on-methods="OG_image.ScrappersFacebook.facebookLanding" duration-ms="2342" status="PASS">
          <params>
            <param index="0">
              <value>
                <![CDATA[microsoft.com/en-us/surface/devices/compare-devices]]>
              </value>
            </param>
          </params>
          <reporter-output>
          </reporter-output>
        </test-method> <!-- facebookPostInce -->
        <test-method signature="logLastLine()[pri:0, instance:OG_image.ScrappersFacebook@443118b0]" started-at="2025-11-21T12:38:08 IST" name="logLastLine" finished-at="2025-11-21T12:38:08 IST" depends-on-methods="OG_image.ScrappersFacebook.facebookPostInce" duration-ms="2" status="PASS">
          <reporter-output>
          </reporter-output>
        </test-method> <!-- logLastLine -->
        <test-method is-config="true" signature="afterTest()[pri:0, instance:OG_image.ScrappersFacebook@443118b0]" started-at="2025-11-21T12:38:08 IST" name="afterTest" finished-at="2025-11-21T12:38:08 IST" duration-ms="248" status="PASS">
          <reporter-output>
          </reporter-output>
        </test-method> <!-- afterTest -->
      </class> <!-- OG_image.ScrappersFacebook -->
    </test> <!-- ScrapperTests -->
    <test started-at="2025-11-21T12:38:08 IST" name="ScrapperTests1" finished-at="2025-11-21T12:38:29 IST" duration-ms="21202">
      <class name="OG_image.ScrappersTwitter">
        <test-method is-config="true" signature="beforeTest()[pri:0, instance:OG_image.ScrappersTwitter@4116aac9]" started-at="2025-11-21T12:38:08 IST" name="beforeTest" finished-at="2025-11-21T12:38:09 IST" duration-ms="644" status="PASS">
          <reporter-output>
          </reporter-output>
        </test-method> <!-- beforeTest -->
        <test-method signature="twitterLanding()[pri:0, instance:OG_image.ScrappersTwitter@4116aac9]" started-at="2025-11-21T12:38:09 IST" name="twitterLanding" finished-at="2025-11-21T12:38:12 IST" duration-ms="2791" status="PASS">
          <reporter-output>
          </reporter-output>
        </test-method> <!-- twitterLanding -->
        <test-method signature="twitterInspectPost(java.lang.String)[pri:0, instance:OG_image.ScrappersTwitter@4116aac9]" started-at="2025-11-21T12:38:12 IST" name="twitterInspectPost" data-provider="needTotestUrls" finished-at="2025-11-21T12:38:16 IST" depends-on-methods="OG_image.ScrappersTwitter.twitterLanding" duration-ms="4450" status="PASS">
          <params>
            <param index="0">
              <value>
                <![CDATA[https://www.microsoft.com/en-us/surface]]>
              </value>
            </param>
          </params>
          <reporter-output>
          </reporter-output>
        </test-method> <!-- twitterInspectPost -->
        <test-method signature="twitterInspectPost(java.lang.String)[pri:0, instance:OG_image.ScrappersTwitter@4116aac9]" started-at="2025-11-21T12:38:16 IST" name="twitterInspectPost" data-provider="needTotestUrls" finished-at="2025-11-21T12:38:20 IST" depends-on-methods="OG_image.ScrappersTwitter.twitterLanding" duration-ms="4368" status="PASS">
          <params>
            <param index="0">
              <value>
                <![CDATA[https://www.microsoft.com/en-us/surface/devices/surface-pro]]>
              </value>
            </param>
          </params>
          <reporter-output>
          </reporter-output>
        </test-method> <!-- twitterInspectPost -->
        <test-method signature="twitterInspectPost(java.lang.String)[pri:0, instance:OG_image.ScrappersTwitter@4116aac9]" started-at="2025-11-21T12:38:20 IST" name="twitterInspectPost" data-provider="needTotestUrls" finished-at="2025-11-21T12:38:25 IST" depends-on-methods="OG_image.ScrappersTwitter.twitterLanding" duration-ms="4365" status="PASS">
          <params>
            <param index="0">
              <value>
                <![CDATA[https://www.microsoft.com/en-us/surface/devices/surface-laptop]]>
              </value>
            </param>
          </params>
          <reporter-output>
          </reporter-output>
        </test-method> <!-- twitterInspectPost -->
        <test-method signature="twitterInspectPost(java.lang.String)[pri:0, instance:OG_image.ScrappersTwitter@4116aac9]" started-at="2025-11-21T12:38:25 IST" name="twitterInspectPost" data-provider="needTotestUrls" finished-at="2025-11-21T12:38:29 IST" depends-on-methods="OG_image.ScrappersTwitter.twitterLanding" duration-ms="4341" status="PASS">
          <params>
            <param index="0">
              <value>
                <![CDATA[microsoft.com/en-us/surface/devices/compare-devices]]>
              </value>
            </param>
          </params>
          <reporter-output>
          </reporter-output>
        </test-method> <!-- twitterInspectPost -->
        <test-method signature="logLastLine()[pri:0, instance:OG_image.ScrappersTwitter@4116aac9]" started-at="2025-11-21T12:38:29 IST" name="logLastLine" finished-at="2025-11-21T12:38:29 IST" depends-on-methods="OG_image.ScrappersTwitter.twitterInspectPost" duration-ms="0" status="PASS">
          <reporter-output>
          </reporter-output>
        </test-method> <!-- logLastLine -->
        <test-method is-config="true" signature="afterTest()[pri:0, instance:OG_image.ScrappersTwitter@4116aac9]" started-at="2025-11-21T12:38:29 IST" name="afterTest" finished-at="2025-11-21T12:38:29 IST" duration-ms="209" status="PASS">
          <reporter-output>
          </reporter-output>
        </test-method> <!-- afterTest -->
      </class> <!-- OG_image.ScrappersTwitter -->
    </test> <!-- ScrapperTests1 -->
    <test started-at="2025-11-21T12:38:29 IST" name="ScrapperTests2" finished-at="2025-11-21T12:38:58 IST" duration-ms="28643">
      <class name="OG_image.ScrappersLinkedIn">
        <test-method is-config="true" signature="beforeSuite()[pri:0, instance:OG_image.ScrappersLinkedIn@15de0b3c]" started-at="2025-11-21T12:37:31 IST" name="beforeSuite" finished-at="2025-11-21T12:37:32 IST" duration-ms="646" status="PASS">
          <reporter-output>
          </reporter-output>
        </test-method> <!-- beforeSuite -->
        <test-method is-config="true" signature="beforeTest()[pri:0, instance:OG_image.ScrappersLinkedIn@15de0b3c]" started-at="2025-11-21T12:38:29 IST" name="beforeTest" finished-at="2025-11-21T12:38:30 IST" duration-ms="634" status="PASS">
          <reporter-output>
          </reporter-output>
        </test-method> <!-- beforeTest -->
        <test-method signature="LikedInLanding()[pri:0, instance:OG_image.ScrappersLinkedIn@15de0b3c]" started-at="2025-11-21T12:38:30 IST" name="LikedInLanding" finished-at="2025-11-21T12:38:37 IST" duration-ms="7359" status="PASS">
          <reporter-output>
          </reporter-output>
        </test-method> <!-- LikedInLanding -->
        <test-method signature="LinkedInPostInception(java.lang.String)[pri:0, instance:OG_image.ScrappersLinkedIn@15de0b3c]" started-at="2025-11-21T12:38:37 IST" name="LinkedInPostInception" data-provider="needTotestUrls" finished-at="2025-11-21T12:38:43 IST" depends-on-methods="OG_image.ScrappersLinkedIn.LikedInLanding" duration-ms="5281" status="FAIL">
          <params>
            <param index="0">
              <value>
                <![CDATA[https://www.microsoft.com/en-us/surface]]>
              </value>
            </param>
          </params>
          <exception class="org.openqa.selenium.NoSuchElementException">
            <message>
              <![CDATA[no such element: Unable to locate element: {"method":"xpath","selector":"//input[contains(@placeholder, 'Enter a URL to see how')]"}
  (Session info: MicrosoftEdge=142.0.3595.90)
For documentation on this error, please visit: https://www.selenium.dev/documentation/webdriver/troubleshooting/errors#no-such-element-exception
Build info: version: '4.11.0', revision: '040bc5406b'
System info: os.name: 'Windows Server 2022', os.arch: 'amd64', os.version: '10.0', java.version: '21.0.8'
Driver info: org.openqa.selenium.edge.EdgeDriver
Command: [76cccc810f93b3719f8cb9799eaa5c16, findElement {using=xpath, value=//input[contains(@placeholder, 'Enter a URL to see how')]}]
Capabilities {acceptInsecureCerts: false, browserName: MicrosoftEdge, browserVersion: 142.0.3595.90, fedcm:accounts: true, goog:processID: 10344, ms:edgeOptions: {debuggerAddress: localhost:53516}, msedge: {msedgedriverVersion: 142.0.3595.80 (0fc2e42aeea0..., userDataDir: C:\Windows\SystemTemp\scope...}, networkConnectionEnabled: false, pageLoadStrategy: normal, platformName: windows, proxy: Proxy(), se:cdp: ws://localhost:53516/devtoo..., se:cdpVersion: 142.0.3595.90, setWindowRect: true, strictFileInteractability: false, timeouts: {implicit: 0, pageLoad: 300000, script: 30000}, unhandledPromptBehavior: dismiss and notify, webauthn:extension:credBlob: true, webauthn:extension:largeBlob: true, webauthn:extension:minPinLength: true, webauthn:extension:prf: true, webauthn:virtualAuthenticators: true}
Session ID: 76cccc810f93b3719f8cb9799eaa5c16]]>
            </message>
            <full-stacktrace>
              <![CDATA[org.openqa.selenium.NoSuchElementException: no such element: Unable to locate element: {"method":"xpath","selector":"//input[contains(@placeholder, 'Enter a URL to see how')]"}
  (Session info: MicrosoftEdge=142.0.3595.90)
For documentation on this error, please visit: https://www.selenium.dev/documentation/webdriver/troubleshooting/errors#no-such-element-exception
Build info: version: '4.11.0', revision: '040bc5406b'
System info: os.name: 'Windows Server 2022', os.arch: 'amd64', os.version: '10.0', java.version: '21.0.8'
Driver info: org.openqa.selenium.edge.EdgeDriver
Command: [76cccc810f93b3719f8cb9799eaa5c16, findElement {using=xpath, value=//input[contains(@placeholder, 'Enter a URL to see how')]}]
Capabilities {acceptInsecureCerts: false, browserName: MicrosoftEdge, browserVersion: 142.0.3595.90, fedcm:accounts: true, goog:processID: 10344, ms:edgeOptions: {debuggerAddress: localhost:53516}, msedge: {msedgedriverVersion: 142.0.3595.80 (0fc2e42aeea0..., userDataDir: C:\Windows\SystemTemp\scope...}, networkConnectionEnabled: false, pageLoadStrategy: normal, platformName: windows, proxy: Proxy(), se:cdp: ws://localhost:53516/devtoo..., se:cdpVersion: 142.0.3595.90, setWindowRect: true, strictFileInteractability: false, timeouts: {implicit: 0, pageLoad: 300000, script: 30000}, unhandledPromptBehavior: dismiss and notify, webauthn:extension:credBlob: true, webauthn:extension:largeBlob: true, webauthn:extension:minPinLength: true, webauthn:extension:prf: true, webauthn:virtualAuthenticators: true}
Session ID: 76cccc810f93b3719f8cb9799eaa5c16
at java.base/jdk.internal.reflect.DirectConstructorHandleAccessor.newInstance(DirectConstructorHandleAccessor.java:62)
at java.base/java.lang.reflect.Constructor.newInstanceWithCaller(Constructor.java:502)
at java.base/java.lang.reflect.Constructor.newInstance(Constructor.java:486)
at org.openqa.selenium.remote.codec.w3c.W3CHttpResponseCodec.createException(W3CHttpResponseCodec.java:200)
at org.openqa.selenium.remote.codec.w3c.W3CHttpResponseCodec.decode(W3CHttpResponseCodec.java:133)
at org.openqa.selenium.remote.codec.w3c.W3CHttpResponseCodec.decode(W3CHttpResponseCodec.java:52)
at org.openqa.selenium.remote.HttpCommandExecutor.execute(HttpCommandExecutor.java:191)
at org.openqa.selenium.remote.service.DriverCommandExecutor.invokeExecute(DriverCommandExecutor.java:196)
at org.openqa.selenium.remote.service.DriverCommandExecutor.execute(DriverCommandExecutor.java:171)
at org.openqa.selenium.remote.RemoteWebDriver.execute(RemoteWebDriver.java:518)
at org.openqa.selenium.remote.ElementLocation$ElementFinder$2.findElement(ElementLocation.java:165)
at org.openqa.selenium.remote.ElementLocation.findElement(ElementLocation.java:59)
at org.openqa.selenium.remote.RemoteWebDriver.findElement(RemoteWebDriver.java:355)
at org.openqa.selenium.remote.RemoteWebDriver.findElement(RemoteWebDriver.java:349)
at org.openqa.selenium.support.pagefactory.DefaultElementLocator.findElement(DefaultElementLocator.java:68)
at org.openqa.selenium.support.pagefactory.internal.LocatingElementHandler.invoke(LocatingElementHandler.java:38)
at jdk.proxy2/jdk.proxy2.$Proxy31.sendKeys(Unknown Source)
at LinkedIn.LinkedInPostInceptorPage.validateOGimageForURL(LinkedInPostInceptorPage.java:37)
at OG_image.ScrappersLinkedIn.LinkedInPostInception(ScrappersLinkedIn.java:42)
at java.base/jdk.internal.reflect.DirectMethodHandleAccessor.invoke(DirectMethodHandleAccessor.java:103)
at java.base/java.lang.reflect.Method.invoke(Method.java:580)
at org.testng.internal.invokers.MethodInvocationHelper.invokeMethod(MethodInvocationHelper.java:141)
at org.testng.internal.invokers.TestInvoker.invokeMethod(TestInvoker.java:687)
at org.testng.internal.invokers.TestInvoker.invokeTestMethod(TestInvoker.java:230)
at org.testng.internal.invokers.MethodRunner.runInSequence(MethodRunner.java:63)
at org.testng.internal.invokers.TestInvoker$MethodInvocationAgent.invoke(TestInvoker.java:995)
at org.testng.internal.invokers.TestInvoker.invokeTestMethods(TestInvoker.java:203)
at org.testng.internal.invokers.TestMethodWorker.invokeTestMethods(TestMethodWorker.java:154)
at org.testng.internal.invokers.TestMethodWorker.run(TestMethodWorker.java:134)
at java.base/java.util.ArrayList.forEach(ArrayList.java:1596)
at org.testng.TestRunner.privateRun(TestRunner.java:741)
at org.testng.TestRunner.run(TestRunner.java:616)
at org.testng.SuiteRunner.runTest(SuiteRunner.java:421)
at org.testng.SuiteRunner$SuiteWorker.run(SuiteRunner.java:463)
at org.testng.internal.thread.ThreadUtil.lambda$execute$0(ThreadUtil.java:64)
at java.base/java.util.concurrent.FutureTask.run(FutureTask.java:317)
at java.base/java.util.concurrent.ThreadPoolExecutor.runWorker(ThreadPoolExecutor.java:1144)
at java.base/java.util.concurrent.ThreadPoolExecutor$Worker.run(ThreadPoolExecutor.java:642)
at java.base/java.lang.Thread.run(Thread.java:1583)
]]>
            </full-stacktrace>
          </exception> <!-- org.openqa.selenium.NoSuchElementException -->
          <reporter-output>
          </reporter-output>
        </test-method> <!-- LinkedInPostInception -->
        <test-method signature="LinkedInPostInception(java.lang.String)[pri:0, instance:OG_image.ScrappersLinkedIn@15de0b3c]" started-at="2025-11-21T12:38:43 IST" name="LinkedInPostInception" data-provider="needTotestUrls" finished-at="2025-11-21T12:38:48 IST" depends-on-methods="OG_image.ScrappersLinkedIn.LikedInLanding" duration-ms="5046" status="FAIL">
          <params>
            <param index="0">
              <value>
                <![CDATA[https://www.microsoft.com/en-us/surface/devices/surface-pro]]>
              </value>
            </param>
          </params>
          <exception class="org.openqa.selenium.NoSuchElementException">
            <message>
              <![CDATA[no such element: Unable to locate element: {"method":"xpath","selector":"//input[contains(@placeholder, 'Enter a URL to see how')]"}
  (Session info: MicrosoftEdge=142.0.3595.90)
For documentation on this error, please visit: https://www.selenium.dev/documentation/webdriver/troubleshooting/errors#no-such-element-exception
Build info: version: '4.11.0', revision: '040bc5406b'
System info: os.name: 'Windows Server 2022', os.arch: 'amd64', os.version: '10.0', java.version: '21.0.8'
Driver info: org.openqa.selenium.edge.EdgeDriver
Command: [76cccc810f93b3719f8cb9799eaa5c16, findElement {using=xpath, value=//input[contains(@placeholder, 'Enter a URL to see how')]}]
Capabilities {acceptInsecureCerts: false, browserName: MicrosoftEdge, browserVersion: 142.0.3595.90, fedcm:accounts: true, goog:processID: 10344, ms:edgeOptions: {debuggerAddress: localhost:53516}, msedge: {msedgedriverVersion: 142.0.3595.80 (0fc2e42aeea0..., userDataDir: C:\Windows\SystemTemp\scope...}, networkConnectionEnabled: false, pageLoadStrategy: normal, platformName: windows, proxy: Proxy(), se:cdp: ws://localhost:53516/devtoo..., se:cdpVersion: 142.0.3595.90, setWindowRect: true, strictFileInteractability: false, timeouts: {implicit: 0, pageLoad: 300000, script: 30000}, unhandledPromptBehavior: dismiss and notify, webauthn:extension:credBlob: true, webauthn:extension:largeBlob: true, webauthn:extension:minPinLength: true, webauthn:extension:prf: true, webauthn:virtualAuthenticators: true}
Session ID: 76cccc810f93b3719f8cb9799eaa5c16]]>
            </message>
            <full-stacktrace>
              <![CDATA[org.openqa.selenium.NoSuchElementException: no such element: Unable to locate element: {"method":"xpath","selector":"//input[contains(@placeholder, 'Enter a URL to see how')]"}
  (Session info: MicrosoftEdge=142.0.3595.90)
For documentation on this error, please visit: https://www.selenium.dev/documentation/webdriver/troubleshooting/errors#no-such-element-exception
Build info: version: '4.11.0', revision: '040bc5406b'
System info: os.name: 'Windows Server 2022', os.arch: 'amd64', os.version: '10.0', java.version: '21.0.8'
Driver info: org.openqa.selenium.edge.EdgeDriver
Command: [76cccc810f93b3719f8cb9799eaa5c16, findElement {using=xpath, value=//input[contains(@placeholder, 'Enter a URL to see how')]}]
Capabilities {acceptInsecureCerts: false, browserName: MicrosoftEdge, browserVersion: 142.0.3595.90, fedcm:accounts: true, goog:processID: 10344, ms:edgeOptions: {debuggerAddress: localhost:53516}, msedge: {msedgedriverVersion: 142.0.3595.80 (0fc2e42aeea0..., userDataDir: C:\Windows\SystemTemp\scope...}, networkConnectionEnabled: false, pageLoadStrategy: normal, platformName: windows, proxy: Proxy(), se:cdp: ws://localhost:53516/devtoo..., se:cdpVersion: 142.0.3595.90, setWindowRect: true, strictFileInteractability: false, timeouts: {implicit: 0, pageLoad: 300000, script: 30000}, unhandledPromptBehavior: dismiss and notify, webauthn:extension:credBlob: true, webauthn:extension:largeBlob: true, webauthn:extension:minPinLength: true, webauthn:extension:prf: true, webauthn:virtualAuthenticators: true}
Session ID: 76cccc810f93b3719f8cb9799eaa5c16
at java.base/jdk.internal.reflect.DirectConstructorHandleAccessor.newInstance(DirectConstructorHandleAccessor.java:62)
at java.base/java.lang.reflect.Constructor.newInstanceWithCaller(Constructor.java:502)
at java.base/java.lang.reflect.Constructor.newInstance(Constructor.java:486)
at org.openqa.selenium.remote.codec.w3c.W3CHttpResponseCodec.createException(W3CHttpResponseCodec.java:200)
at org.openqa.selenium.remote.codec.w3c.W3CHttpResponseCodec.decode(W3CHttpResponseCodec.java:133)
at org.openqa.selenium.remote.codec.w3c.W3CHttpResponseCodec.decode(W3CHttpResponseCodec.java:52)
at org.openqa.selenium.remote.HttpCommandExecutor.execute(HttpCommandExecutor.java:191)
at org.openqa.selenium.remote.service.DriverCommandExecutor.invokeExecute(DriverCommandExecutor.java:196)
at org.openqa.selenium.remote.service.DriverCommandExecutor.execute(DriverCommandExecutor.java:171)
at org.openqa.selenium.remote.RemoteWebDriver.execute(RemoteWebDriver.java:518)
at org.openqa.selenium.remote.ElementLocation$ElementFinder$2.findElement(ElementLocation.java:165)
at org.openqa.selenium.remote.ElementLocation.findElement(ElementLocation.java:59)
at org.openqa.selenium.remote.RemoteWebDriver.findElement(RemoteWebDriver.java:355)
at org.openqa.selenium.remote.RemoteWebDriver.findElement(RemoteWebDriver.java:349)
at org.openqa.selenium.support.pagefactory.DefaultElementLocator.findElement(DefaultElementLocator.java:68)
at org.openqa.selenium.support.pagefactory.internal.LocatingElementHandler.invoke(LocatingElementHandler.java:38)
at jdk.proxy2/jdk.proxy2.$Proxy31.sendKeys(Unknown Source)
at LinkedIn.LinkedInPostInceptorPage.validateOGimageForURL(LinkedInPostInceptorPage.java:37)
at OG_image.ScrappersLinkedIn.LinkedInPostInception(ScrappersLinkedIn.java:42)
at java.base/jdk.internal.reflect.DirectMethodHandleAccessor.invoke(DirectMethodHandleAccessor.java:103)
at java.base/java.lang.reflect.Method.invoke(Method.java:580)
at org.testng.internal.invokers.MethodInvocationHelper.invokeMethod(MethodInvocationHelper.java:141)
at org.testng.internal.invokers.TestInvoker.invokeMethod(TestInvoker.java:687)
at org.testng.internal.invokers.TestInvoker.invokeTestMethod(TestInvoker.java:230)
at org.testng.internal.invokers.MethodRunner.runInSequence(MethodRunner.java:63)
at org.testng.internal.invokers.TestInvoker$MethodInvocationAgent.invoke(TestInvoker.java:995)
at org.testng.internal.invokers.TestInvoker.invokeTestMethods(TestInvoker.java:203)
at org.testng.internal.invokers.TestMethodWorker.invokeTestMethods(TestMethodWorker.java:154)
at org.testng.internal.invokers.TestMethodWorker.run(TestMethodWorker.java:134)
at java.base/java.util.ArrayList.forEach(ArrayList.java:1596)
at org.testng.TestRunner.privateRun(TestRunner.java:741)
at org.testng.TestRunner.run(TestRunner.java:616)
at org.testng.SuiteRunner.runTest(SuiteRunner.java:421)
at org.testng.SuiteRunner$SuiteWorker.run(SuiteRunner.java:463)
at org.testng.internal.thread.ThreadUtil.lambda$execute$0(ThreadUtil.java:64)
at java.base/java.util.concurrent.FutureTask.run(FutureTask.java:317)
at java.base/java.util.concurrent.ThreadPoolExecutor.runWorker(ThreadPoolExecutor.java:1144)
at java.base/java.util.concurrent.ThreadPoolExecutor$Worker.run(ThreadPoolExecutor.java:642)
at java.base/java.lang.Thread.run(Thread.java:1583)
]]>
            </full-stacktrace>
          </exception> <!-- org.openqa.selenium.NoSuchElementException -->
          <reporter-output>
          </reporter-output>
        </test-method> <!-- LinkedInPostInception -->
        <test-method signature="LinkedInPostInception(java.lang.String)[pri:0, instance:OG_image.ScrappersLinkedIn@15de0b3c]" started-at="2025-11-21T12:38:48 IST" name="LinkedInPostInception" data-provider="needTotestUrls" finished-at="2025-11-21T12:38:53 IST" depends-on-methods="OG_image.ScrappersLinkedIn.LikedInLanding" duration-ms="5032" status="FAIL">
          <params>
            <param index="0">
              <value>
                <![CDATA[https://www.microsoft.com/en-us/surface/devices/surface-laptop]]>
              </value>
            </param>
          </params>
          <exception class="org.openqa.selenium.NoSuchElementException">
            <message>
              <![CDATA[no such element: Unable to locate element: {"method":"xpath","selector":"//input[contains(@placeholder, 'Enter a URL to see how')]"}
  (Session info: MicrosoftEdge=142.0.3595.90)
For documentation on this error, please visit: https://www.selenium.dev/documentation/webdriver/troubleshooting/errors#no-such-element-exception
Build info: version: '4.11.0', revision: '040bc5406b'
System info: os.name: 'Windows Server 2022', os.arch: 'amd64', os.version: '10.0', java.version: '21.0.8'
Driver info: org.openqa.selenium.edge.EdgeDriver
Command: [76cccc810f93b3719f8cb9799eaa5c16, findElement {using=xpath, value=//input[contains(@placeholder, 'Enter a URL to see how')]}]
Capabilities {acceptInsecureCerts: false, browserName: MicrosoftEdge, browserVersion: 142.0.3595.90, fedcm:accounts: true, goog:processID: 10344, ms:edgeOptions: {debuggerAddress: localhost:53516}, msedge: {msedgedriverVersion: 142.0.3595.80 (0fc2e42aeea0..., userDataDir: C:\Windows\SystemTemp\scope...}, networkConnectionEnabled: false, pageLoadStrategy: normal, platformName: windows, proxy: Proxy(), se:cdp: ws://localhost:53516/devtoo..., se:cdpVersion: 142.0.3595.90, setWindowRect: true, strictFileInteractability: false, timeouts: {implicit: 0, pageLoad: 300000, script: 30000}, unhandledPromptBehavior: dismiss and notify, webauthn:extension:credBlob: true, webauthn:extension:largeBlob: true, webauthn:extension:minPinLength: true, webauthn:extension:prf: true, webauthn:virtualAuthenticators: true}
Session ID: 76cccc810f93b3719f8cb9799eaa5c16]]>
            </message>
            <full-stacktrace>
              <![CDATA[org.openqa.selenium.NoSuchElementException: no such element: Unable to locate element: {"method":"xpath","selector":"//input[contains(@placeholder, 'Enter a URL to see how')]"}
  (Session info: MicrosoftEdge=142.0.3595.90)
For documentation on this error, please visit: https://www.selenium.dev/documentation/webdriver/troubleshooting/errors#no-such-element-exception
Build info: version: '4.11.0', revision: '040bc5406b'
System info: os.name: 'Windows Server 2022', os.arch: 'amd64', os.version: '10.0', java.version: '21.0.8'
Driver info: org.openqa.selenium.edge.EdgeDriver
Command: [76cccc810f93b3719f8cb9799eaa5c16, findElement {using=xpath, value=//input[contains(@placeholder, 'Enter a URL to see how')]}]
Capabilities {acceptInsecureCerts: false, browserName: MicrosoftEdge, browserVersion: 142.0.3595.90, fedcm:accounts: true, goog:processID: 10344, ms:edgeOptions: {debuggerAddress: localhost:53516}, msedge: {msedgedriverVersion: 142.0.3595.80 (0fc2e42aeea0..., userDataDir: C:\Windows\SystemTemp\scope...}, networkConnectionEnabled: false, pageLoadStrategy: normal, platformName: windows, proxy: Proxy(), se:cdp: ws://localhost:53516/devtoo..., se:cdpVersion: 142.0.3595.90, setWindowRect: true, strictFileInteractability: false, timeouts: {implicit: 0, pageLoad: 300000, script: 30000}, unhandledPromptBehavior: dismiss and notify, webauthn:extension:credBlob: true, webauthn:extension:largeBlob: true, webauthn:extension:minPinLength: true, webauthn:extension:prf: true, webauthn:virtualAuthenticators: true}
Session ID: 76cccc810f93b3719f8cb9799eaa5c16
at java.base/jdk.internal.reflect.DirectConstructorHandleAccessor.newInstance(DirectConstructorHandleAccessor.java:62)
at java.base/java.lang.reflect.Constructor.newInstanceWithCaller(Constructor.java:502)
at java.base/java.lang.reflect.Constructor.newInstance(Constructor.java:486)
at org.openqa.selenium.remote.codec.w3c.W3CHttpResponseCodec.createException(W3CHttpResponseCodec.java:200)
at org.openqa.selenium.remote.codec.w3c.W3CHttpResponseCodec.decode(W3CHttpResponseCodec.java:133)
at org.openqa.selenium.remote.codec.w3c.W3CHttpResponseCodec.decode(W3CHttpResponseCodec.java:52)
at org.openqa.selenium.remote.HttpCommandExecutor.execute(HttpCommandExecutor.java:191)
at org.openqa.selenium.remote.service.DriverCommandExecutor.invokeExecute(DriverCommandExecutor.java:196)
at org.openqa.selenium.remote.service.DriverCommandExecutor.execute(DriverCommandExecutor.java:171)
at org.openqa.selenium.remote.RemoteWebDriver.execute(RemoteWebDriver.java:518)
at org.openqa.selenium.remote.ElementLocation$ElementFinder$2.findElement(ElementLocation.java:165)
at org.openqa.selenium.remote.ElementLocation.findElement(ElementLocation.java:59)
at org.openqa.selenium.remote.RemoteWebDriver.findElement(RemoteWebDriver.java:355)
at org.openqa.selenium.remote.RemoteWebDriver.findElement(RemoteWebDriver.java:349)
at org.openqa.selenium.support.pagefactory.DefaultElementLocator.findElement(DefaultElementLocator.java:68)
at org.openqa.selenium.support.pagefactory.internal.LocatingElementHandler.invoke(LocatingElementHandler.java:38)
at jdk.proxy2/jdk.proxy2.$Proxy31.sendKeys(Unknown Source)
at LinkedIn.LinkedInPostInceptorPage.validateOGimageForURL(LinkedInPostInceptorPage.java:37)
at OG_image.ScrappersLinkedIn.LinkedInPostInception(ScrappersLinkedIn.java:42)
at java.base/jdk.internal.reflect.DirectMethodHandleAccessor.invoke(DirectMethodHandleAccessor.java:103)
at java.base/java.lang.reflect.Method.invoke(Method.java:580)
at org.testng.internal.invokers.MethodInvocationHelper.invokeMethod(MethodInvocationHelper.java:141)
at org.testng.internal.invokers.TestInvoker.invokeMethod(TestInvoker.java:687)
at org.testng.internal.invokers.TestInvoker.invokeTestMethod(TestInvoker.java:230)
at org.testng.internal.invokers.MethodRunner.runInSequence(MethodRunner.java:63)
at org.testng.internal.invokers.TestInvoker$MethodInvocationAgent.invoke(TestInvoker.java:995)
at org.testng.internal.invokers.TestInvoker.invokeTestMethods(TestInvoker.java:203)
at org.testng.internal.invokers.TestMethodWorker.invokeTestMethods(TestMethodWorker.java:154)
at org.testng.internal.invokers.TestMethodWorker.run(TestMethodWorker.java:134)
at java.base/java.util.ArrayList.forEach(ArrayList.java:1596)
at org.testng.TestRunner.privateRun(TestRunner.java:741)
at org.testng.TestRunner.run(TestRunner.java:616)
at org.testng.SuiteRunner.runTest(SuiteRunner.java:421)
at org.testng.SuiteRunner$SuiteWorker.run(SuiteRunner.java:463)
at org.testng.internal.thread.ThreadUtil.lambda$execute$0(ThreadUtil.java:64)
at java.base/java.util.concurrent.FutureTask.run(FutureTask.java:317)
at java.base/java.util.concurrent.ThreadPoolExecutor.runWorker(ThreadPoolExecutor.java:1144)
at java.base/java.util.concurrent.ThreadPoolExecutor$Worker.run(ThreadPoolExecutor.java:642)
at java.base/java.lang.Thread.run(Thread.java:1583)
]]>
            </full-stacktrace>
          </exception> <!-- org.openqa.selenium.NoSuchElementException -->
          <reporter-output>
          </reporter-output>
        </test-method> <!-- LinkedInPostInception -->
        <test-method signature="LinkedInPostInception(java.lang.String)[pri:0, instance:OG_image.ScrappersLinkedIn@15de0b3c]" started-at="2025-11-21T12:38:53 IST" name="LinkedInPostInception" data-provider="needTotestUrls" finished-at="2025-11-21T12:38:58 IST" depends-on-methods="OG_image.ScrappersLinkedIn.LikedInLanding" duration-ms="5013" status="FAIL">
          <params>
            <param index="0">
              <value>
                <![CDATA[microsoft.com/en-us/surface/devices/compare-devices]]>
              </value>
            </param>
          </params>
          <exception class="org.openqa.selenium.NoSuchElementException">
            <message>
              <![CDATA[no such element: Unable to locate element: {"method":"xpath","selector":"//input[contains(@placeholder, 'Enter a URL to see how')]"}
  (Session info: MicrosoftEdge=142.0.3595.90)
For documentation on this error, please visit: https://www.selenium.dev/documentation/webdriver/troubleshooting/errors#no-such-element-exception
Build info: version: '4.11.0', revision: '040bc5406b'
System info: os.name: 'Windows Server 2022', os.arch: 'amd64', os.version: '10.0', java.version: '21.0.8'
Driver info: org.openqa.selenium.edge.EdgeDriver
Command: [76cccc810f93b3719f8cb9799eaa5c16, findElement {using=xpath, value=//input[contains(@placeholder, 'Enter a URL to see how')]}]
Capabilities {acceptInsecureCerts: false, browserName: MicrosoftEdge, browserVersion: 142.0.3595.90, fedcm:accounts: true, goog:processID: 10344, ms:edgeOptions: {debuggerAddress: localhost:53516}, msedge: {msedgedriverVersion: 142.0.3595.80 (0fc2e42aeea0..., userDataDir: C:\Windows\SystemTemp\scope...}, networkConnectionEnabled: false, pageLoadStrategy: normal, platformName: windows, proxy: Proxy(), se:cdp: ws://localhost:53516/devtoo..., se:cdpVersion: 142.0.3595.90, setWindowRect: true, strictFileInteractability: false, timeouts: {implicit: 0, pageLoad: 300000, script: 30000}, unhandledPromptBehavior: dismiss and notify, webauthn:extension:credBlob: true, webauthn:extension:largeBlob: true, webauthn:extension:minPinLength: true, webauthn:extension:prf: true, webauthn:virtualAuthenticators: true}
Session ID: 76cccc810f93b3719f8cb9799eaa5c16]]>
            </message>
            <full-stacktrace>
              <![CDATA[org.openqa.selenium.NoSuchElementException: no such element: Unable to locate element: {"method":"xpath","selector":"//input[contains(@placeholder, 'Enter a URL to see how')]"}
  (Session info: MicrosoftEdge=142.0.3595.90)
For documentation on this error, please visit: https://www.selenium.dev/documentation/webdriver/troubleshooting/errors#no-such-element-exception
Build info: version: '4.11.0', revision: '040bc5406b'
System info: os.name: 'Windows Server 2022', os.arch: 'amd64', os.version: '10.0', java.version: '21.0.8'
Driver info: org.openqa.selenium.edge.EdgeDriver
Command: [76cccc810f93b3719f8cb9799eaa5c16, findElement {using=xpath, value=//input[contains(@placeholder, 'Enter a URL to see how')]}]
Capabilities {acceptInsecureCerts: false, browserName: MicrosoftEdge, browserVersion: 142.0.3595.90, fedcm:accounts: true, goog:processID: 10344, ms:edgeOptions: {debuggerAddress: localhost:53516}, msedge: {msedgedriverVersion: 142.0.3595.80 (0fc2e42aeea0..., userDataDir: C:\Windows\SystemTemp\scope...}, networkConnectionEnabled: false, pageLoadStrategy: normal, platformName: windows, proxy: Proxy(), se:cdp: ws://localhost:53516/devtoo..., se:cdpVersion: 142.0.3595.90, setWindowRect: true, strictFileInteractability: false, timeouts: {implicit: 0, pageLoad: 300000, script: 30000}, unhandledPromptBehavior: dismiss and notify, webauthn:extension:credBlob: true, webauthn:extension:largeBlob: true, webauthn:extension:minPinLength: true, webauthn:extension:prf: true, webauthn:virtualAuthenticators: true}
Session ID: 76cccc810f93b3719f8cb9799eaa5c16
at java.base/jdk.internal.reflect.DirectConstructorHandleAccessor.newInstance(DirectConstructorHandleAccessor.java:62)
at java.base/java.lang.reflect.Constructor.newInstanceWithCaller(Constructor.java:502)
at java.base/java.lang.reflect.Constructor.newInstance(Constructor.java:486)
at org.openqa.selenium.remote.codec.w3c.W3CHttpResponseCodec.createException(W3CHttpResponseCodec.java:200)
at org.openqa.selenium.remote.codec.w3c.W3CHttpResponseCodec.decode(W3CHttpResponseCodec.java:133)
at org.openqa.selenium.remote.codec.w3c.W3CHttpResponseCodec.decode(W3CHttpResponseCodec.java:52)
at org.openqa.selenium.remote.HttpCommandExecutor.execute(HttpCommandExecutor.java:191)
at org.openqa.selenium.remote.service.DriverCommandExecutor.invokeExecute(DriverCommandExecutor.java:196)
at org.openqa.selenium.remote.service.DriverCommandExecutor.execute(DriverCommandExecutor.java:171)
at org.openqa.selenium.remote.RemoteWebDriver.execute(RemoteWebDriver.java:518)
at org.openqa.selenium.remote.ElementLocation$ElementFinder$2.findElement(ElementLocation.java:165)
at org.openqa.selenium.remote.ElementLocation.findElement(ElementLocation.java:59)
at org.openqa.selenium.remote.RemoteWebDriver.findElement(RemoteWebDriver.java:355)
at org.openqa.selenium.remote.RemoteWebDriver.findElement(RemoteWebDriver.java:349)
at org.openqa.selenium.support.pagefactory.DefaultElementLocator.findElement(DefaultElementLocator.java:68)
at org.openqa.selenium.support.pagefactory.internal.LocatingElementHandler.invoke(LocatingElementHandler.java:38)
at jdk.proxy2/jdk.proxy2.$Proxy31.sendKeys(Unknown Source)
at LinkedIn.LinkedInPostInceptorPage.validateOGimageForURL(LinkedInPostInceptorPage.java:37)
at OG_image.ScrappersLinkedIn.LinkedInPostInception(ScrappersLinkedIn.java:42)
at java.base/jdk.internal.reflect.DirectMethodHandleAccessor.invoke(DirectMethodHandleAccessor.java:103)
at java.base/java.lang.reflect.Method.invoke(Method.java:580)
at org.testng.internal.invokers.MethodInvocationHelper.invokeMethod(MethodInvocationHelper.java:141)
at org.testng.internal.invokers.TestInvoker.invokeMethod(TestInvoker.java:687)
at org.testng.internal.invokers.TestInvoker.invokeTestMethod(TestInvoker.java:230)
at org.testng.internal.invokers.MethodRunner.runInSequence(MethodRunner.java:63)
at org.testng.internal.invokers.TestInvoker$MethodInvocationAgent.invoke(TestInvoker.java:995)
at org.testng.internal.invokers.TestInvoker.invokeTestMethods(TestInvoker.java:203)
at org.testng.internal.invokers.TestMethodWorker.invokeTestMethods(TestMethodWorker.java:154)
at org.testng.internal.invokers.TestMethodWorker.run(TestMethodWorker.java:134)
at java.base/java.util.ArrayList.forEach(ArrayList.java:1596)
at org.testng.TestRunner.privateRun(TestRunner.java:741)
at org.testng.TestRunner.run(TestRunner.java:616)
at org.testng.SuiteRunner.runTest(SuiteRunner.java:421)
at org.testng.SuiteRunner$SuiteWorker.run(SuiteRunner.java:463)
at org.testng.internal.thread.ThreadUtil.lambda$execute$0(ThreadUtil.java:64)
at java.base/java.util.concurrent.FutureTask.run(FutureTask.java:317)
at java.base/java.util.concurrent.ThreadPoolExecutor.runWorker(ThreadPoolExecutor.java:1144)
at java.base/java.util.concurrent.ThreadPoolExecutor$Worker.run(ThreadPoolExecutor.java:642)
at java.base/java.lang.Thread.run(Thread.java:1583)
]]>
            </full-stacktrace>
          </exception> <!-- org.openqa.selenium.NoSuchElementException -->
          <reporter-output>
          </reporter-output>
        </test-method> <!-- LinkedInPostInception -->
        <test-method signature="logLastLine()[pri:0, instance:OG_image.ScrappersLinkedIn@15de0b3c]" started-at="2025-11-21T12:38:58 IST" name="logLastLine" finished-at="2025-11-21T12:38:58 IST" depends-on-methods="OG_image.ScrappersLinkedIn.LinkedInPostInception" duration-ms="0" status="SKIP">
          <exception class="java.lang.Throwable">
            <message>
              <![CDATA[Method OG_image.ScrappersLinkedIn.logLastLine() on instance OG_image.ScrappersLinkedIn@15de0b3c depends on not successfully finished methods 
[OG_image.ScrappersLinkedIn.LinkedInPostInception() on instance OG_image.ScrappersLinkedIn@15de0b3c]]]>
            </message>
            <full-stacktrace>
              <![CDATA[java.lang.Throwable: Method OG_image.ScrappersLinkedIn.logLastLine() on instance OG_image.ScrappersLinkedIn@15de0b3c depends on not successfully finished methods 
[OG_image.ScrappersLinkedIn.LinkedInPostInception() on instance OG_image.ScrappersLinkedIn@15de0b3c]
at org.testng.internal.invokers.TestInvoker.invokeTestMethods(TestInvoker.java:159)
at org.testng.internal.invokers.TestMethodWorker.invokeTestMethods(TestMethodWorker.java:154)
at org.testng.internal.invokers.TestMethodWorker.run(TestMethodWorker.java:134)
at java.base/java.util.ArrayList.forEach(ArrayList.java:1596)
at org.testng.TestRunner.privateRun(TestRunner.java:741)
at org.testng.TestRunner.run(TestRunner.java:616)
at org.testng.SuiteRunner.runTest(SuiteRunner.java:421)
at org.testng.SuiteRunner$SuiteWorker.run(SuiteRunner.java:463)
at org.testng.internal.thread.ThreadUtil.lambda$execute$0(ThreadUtil.java:64)
at java.base/java.util.concurrent.FutureTask.run(FutureTask.java:317)
at java.base/java.util.concurrent.ThreadPoolExecutor.runWorker(ThreadPoolExecutor.java:1144)
at java.base/java.util.concurrent.ThreadPoolExecutor$Worker.run(ThreadPoolExecutor.java:642)
at java.base/java.lang.Thread.run(Thread.java:1583)
]]>
            </full-stacktrace>
          </exception> <!-- java.lang.Throwable -->
          <reporter-output>
          </reporter-output>
        </test-method> <!-- logLastLine -->
        <test-method is-config="true" signature="afterTest()[pri:0, instance:OG_image.ScrappersLinkedIn@15de0b3c]" started-at="2025-11-21T12:38:58 IST" name="afterTest" finished-at="2025-11-21T12:38:58 IST" duration-ms="231" status="PASS">
          <reporter-output>
          </reporter-output>
        </test-method> <!-- afterTest -->
        <test-method is-config="true" signature="afterSuite()[pri:0, instance:OG_image.ScrappersLinkedIn@15de0b3c]" started-at="2025-11-21T12:38:58 IST" name="afterSuite" finished-at="2025-11-21T12:38:59 IST" duration-ms="566" status="PASS">
          <reporter-output>
          </reporter-output>
        </test-method> <!-- afterSuite -->
      </class> <!-- OG_image.ScrappersLinkedIn -->
    </test> <!-- ScrapperTests2 -->
  </suite> <!-- All Test Suite -->
</testng-results>
