<?xml version="1.0" encoding="UTF-8"?>
<testsuite xmlns:xsi="http://www.w3.org/2001/XMLSchema-instance" xsi:noNamespaceSchemaLocation="https://maven.apache.org/surefire/maven-surefire-plugin/xsd/surefire-test-report-3.0.xsd" version="3.0" name="TestSuite" time="62.846" tests="8" errors="0" skipped="0" failures="0">
  <properties>
[...]
</properties>
  <testcase name="facebookLanding" classname="OG_image.ScrappersFacebook" time="34.842">
    <system-out><![CDATA[Before suite
✅ Loaded Crendentials.properties successfully
✅ Loaded Crendentials.properties successfully
2025-08-13 12:54:49 [TestNG-tests-1] INFO  Log - Browser session satrted...
2025-08-13 12:54:49 [TestNG-tests-2] INFO  Log - Browser session satrted...
2025-08-13 12:54:59 [TestNG-tests-1] INFO  Log - Navigating to facebook post incepator page...
2025-08-13 12:55:23 [TestNG-tests-2] INFO  Log - Navigating to LinkedIn post incepator page...
2025-08-13 12:55:24 [TestNG-tests-1] INFO  Log - Loging in...
2025-08-13 12:55:24 [TestNG-tests-1] INFO  Log - Validating each URL and taking screen shots...
]]></system-out>
    <system-err><![CDATA[SLF4J: Failed to load class "org.slf4j.impl.StaticLoggerBinder".
SLF4J: Defaulting to no-operation (NOP) logger implementation
SLF4J: See http://www.slf4j.org/codes.html#StaticLoggerBinder for further details.
Aug 13, 2025 12:54:44 PM org.openqa.selenium.manager.SeleniumManager lambda$runCommand$1
WARNING: There was an error managing msedgedriver (error sending request for url (https://msedgedriver.azureedge.net/LATEST_RELEASE_139_WINDOWS)); using driver found in the cache
Aug 13, 2025 12:54:44 PM org.openqa.selenium.manager.SeleniumManager lambda$runCommand$1
WARNING: There was an error managing msedgedriver (error sending request for url (https://msedgedriver.azureedge.net/LATEST_RELEASE_139_WINDOWS)); using driver found in the cache
Aug 13, 2025 12:54:47 PM org.openqa.selenium.devtools.CdpVersionFinder findNearestMatch
WARNING: Unable to find an exact match for CDP version 139, returning the closest version; found: 136; Please update to a Selenium version that supports CDP version 139
Aug 13, 2025 12:54:47 PM org.openqa.selenium.devtools.CdpVersionFinder findNearestMatch
WARNING: Unable to find an exact match for CDP version 139, returning the closest version; found: 136; Please update to a Selenium version that supports CDP version 139
2025-08-13T07:24:49.089980200Z TestNG-tests-1 INFO Starting configuration XmlConfiguration[location=C:\Automation_Projects\Scrapper_autoamtion\Scrapper_autoamtion\target\test-classes\Log4j2.xml, lastModified=2025-08-08T08:39:27.059Z]...
2025-08-13T07:24:49.094032700Z TestNG-tests-1 INFO Configuration XmlConfiguration[location=C:\Automation_Projects\Scrapper_autoamtion\Scrapper_autoamtion\target\test-classes\Log4j2.xml, lastModified=2025-08-08T08:39:27.059Z] started.
2025-08-13T07:24:49.104649800Z TestNG-tests-1 INFO Stopping configuration org.apache.logging.log4j.core.config.DefaultConfiguration@3bc2a596...
2025-08-13T07:24:49.104649800Z TestNG-tests-1 INFO Configuration org.apache.logging.log4j.core.config.DefaultConfiguration@3bc2a596 stopped.
]]></system-err>
  </testcase>
  <testcase name="facebookPostInce[https://www.microsoft.com/en-us/store/collections/surfaceproaccessories](1)" classname="OG_image.ScrappersFacebook" time="4.962">
    <system-out><![CDATA[https://www.microsoft.com/en-us/store/collections/surfaceproaccessories

Screen shot taken successfully..
]]></system-out>
  </testcase>
  <testcase name="facebookPostInce[](2)" classname="OG_image.ScrappersFacebook" time="1.739">
    <system-out><![CDATA[Screen shot taken successfully..
]]></system-out>
  </testcase>
  <testcase name="logLastLine" classname="OG_image.ScrappersFacebook" time="0.005">
    <system-out><![CDATA[2025-08-13 12:55:34 [TestNG-tests-1] INFO  Log - Facebook scrappers validation has been completed..!
]]></system-out>
  </testcase>
  <testcase name="LikedInLanding" classname="OG_image.ScrappersLinkedIn" time="0.842">
    <system-out><![CDATA[https://www.microsoft.com/en-us/store/collections/surfaceproaccessories

2025-08-13 12:55:27 [TestNG-tests-2] INFO  Log - Loging in...
2025-08-13 12:55:27 [TestNG-tests-2] INFO  Log - Validating each URL and taking screen shots...
]]></system-out>
  </testcase>
  <testcase name="LinkedInPostInception[https://www.microsoft.com/en-us/store/collections/surfaceproaccessories](1)" classname="OG_image.ScrappersLinkedIn" time="0.779">
    <system-out><![CDATA[Screen shot taken successfully..
]]></system-out>
  </testcase>
  <testcase name="LinkedInPostInception[](2)" classname="OG_image.ScrappersLinkedIn" time="3.118">
    <system-out><![CDATA[2025-08-13 12:55:35 [TestNG-tests-1] INFO  Log - Browser session ended...
Screen shot taken successfully..
]]></system-out>
  </testcase>
  <testcase name="logLastLine" classname="OG_image.ScrappersLinkedIn" time="0.006">
    <system-out><![CDATA[2025-08-13 12:55:38 [TestNG-tests-2] INFO  Log - LinkedInPostInception scrappers validation has been completed..!
]]></system-out>
  </testcase>
</testsuite>