<?xml version="1.0" encoding="UTF-8"?>
<testsuite xmlns:xsi="http://www.w3.org/2001/XMLSchema-instance" xsi:noNamespaceSchemaLocation="https://maven.apache.org/surefire/maven-surefire-plugin/xsd/surefire-test-report-3.0.xsd" version="3.0" name="TestSuite" time="88.24" tests="18" errors="0" skipped="1" failures="4">
  <properties>
[...]
</properties>
  <testcase name="facebookLanding" classname="OG_image.ScrappersFacebook" time="18.456">
    <system-out><![CDATA[Before suite
✅ Loaded Crendentials.properties successfully
2025-11-21 12:37:40 [TestNG-tests-1] INFO  Log - Browser session satrted...
2025-11-21 12:37:46 [TestNG-tests-1] INFO  Log - Navigating to facebook post incepator page...
2025-11-21 12:37:58 [TestNG-tests-1] INFO  Log - Loging in...
2025-11-21 12:37:58 [TestNG-tests-1] INFO  Log - Validating each URL and taking screen shots...
]]></system-out>
    <system-err><![CDATA[[main] WARN org.testng.xml.TestNGContentHandler - It is strongly recommended to add "<!DOCTYPE suite SYSTEM "https://testng.org/testng-1.1.dtd" >" at the top of the suite file [C:\Users\MKTtools\git\azure_backend_scrappers\testng.xml] otherwise TestNG may fail or not work as expected.
Nov 21, 2025 12:37:39 PM org.openqa.selenium.devtools.CdpVersionFinder findNearestMatch
WARNING: Unable to find CDP implementation matching 142
Nov 21, 2025 12:37:39 PM org.openqa.selenium.chromium.ChromiumDriver lambda$new$5
WARNING: Unable to find version of CDP to use for 142.0.3595.90. You may need to include a dependency on a specific version of the CDP using something similar to `org.seleniumhq.selenium:selenium-devtools-v86:4.11.0` where the version ("v86") matches the version of the chromium-based browser you're using and the version number of the artifact is the same as Selenium's.
2025-11-21T07:07:40.356342200Z TestNG-tests-1 INFO Starting configuration XmlConfiguration[location=C:\Users\MKTtools\git\azure_backend_scrappers\target\test-classes\Log4j2.xml, lastModified=2025-09-08T16:05:56.157Z]...
2025-11-21T07:07:40.359333800Z TestNG-tests-1 INFO Configuration XmlConfiguration[location=C:\Users\MKTtools\git\azure_backend_scrappers\target\test-classes\Log4j2.xml, lastModified=2025-09-08T16:05:56.157Z] started.
2025-11-21T07:07:40.362333Z TestNG-tests-1 INFO Stopping configuration org.apache.logging.log4j.core.config.DefaultConfiguration@61f333d1...
2025-11-21T07:07:40.363335500Z TestNG-tests-1 INFO Configuration org.apache.logging.log4j.core.config.DefaultConfiguration@61f333d1 stopped.
]]></system-err>
  </testcase>
  <testcase name="facebookPostInce[https://www.microsoft.com/en-us/surface](1)" classname="OG_image.ScrappersFacebook" time="2.115">
    <system-out><![CDATA[https://www.microsoft.com/en-us/surface
https://www.microsoft.com/en-us/surface/devices/surface-pro
https://www.microsoft.com/en-us/surface/devices/surface-laptop
microsoft.com/en-us/surface/devices/compare-devices
Screen shot taken successfully at: C:\Users\MKTtools\git\azure_backend_scrappers\static\0FaceBook.png
]]></system-out>
  </testcase>
  <testcase name="facebookPostInce[https://www.microsoft.com/en-us/surface/devices/surface-pro](2)" classname="OG_image.ScrappersFacebook" time="2.054">
    <system-out><![CDATA[Screen shot taken successfully at: C:\Users\MKTtools\git\azure_backend_scrappers\static\1FaceBook.png
]]></system-out>
  </testcase>
  <testcase name="facebookPostInce[https://www.microsoft.com/en-us/surface/devices/surface-laptop](3)" classname="OG_image.ScrappersFacebook" time="1.753">
    <system-out><![CDATA[Screen shot taken successfully at: C:\Users\MKTtools\git\azure_backend_scrappers\static\2FaceBook.png
]]></system-out>
  </testcase>
  <testcase name="facebookPostInce[microsoft.com/en-us/surface/devices/compare-devices](4)" classname="OG_image.ScrappersFacebook" time="2.342">
    <system-out><![CDATA[Screen shot taken successfully at: C:\Users\MKTtools\git\azure_backend_scrappers\static\3FaceBook.png
]]></system-out>
  </testcase>
  <testcase name="logLastLine" classname="OG_image.ScrappersFacebook" time="0.003">
    <system-out><![CDATA[2025-11-21 12:38:08 [TestNG-tests-1] INFO  Log - Facebook scrappers validation has been completed..!
]]></system-out>
  </testcase>
  <testcase name="twitterLanding" classname="OG_image.ScrappersTwitter" time="2.791">
    <system-out><![CDATA[2025-11-21 12:38:08 [TestNG-tests-1] INFO  Log - Browser session ended...
✅ Loaded Crendentials.properties successfully
2025-11-21 12:38:09 [TestNG-tests-1] INFO  Log - Browser session satrted...
2025-11-21 12:38:12 [TestNG-tests-1] INFO  Log - Navigating to Twitter post incepator page...
2025-11-21 12:38:12 [TestNG-tests-1] INFO  Log - Loging in...
2025-11-21 12:38:12 [TestNG-tests-1] INFO  Log - Validating each URL and taking screen shots...
]]></system-out>
    <system-err><![CDATA[Nov 21, 2025 12:38:09 PM org.openqa.selenium.devtools.CdpVersionFinder findNearestMatch
WARNING: Unable to find CDP implementation matching 142
Nov 21, 2025 12:38:09 PM org.openqa.selenium.chromium.ChromiumDriver lambda$new$5
WARNING: Unable to find version of CDP to use for 142.0.3595.90. You may need to include a dependency on a specific version of the CDP using something similar to `org.seleniumhq.selenium:selenium-devtools-v86:4.11.0` where the version ("v86") matches the version of the chromium-based browser you're using and the version number of the artifact is the same as Selenium's.
]]></system-err>
  </testcase>
  <testcase name="twitterInspectPost[https://www.microsoft.com/en-us/surface](1)" classname="OG_image.ScrappersTwitter" time="4.448">
    <system-out><![CDATA[https://www.microsoft.com/en-us/surface
https://www.microsoft.com/en-us/surface/devices/surface-pro
https://www.microsoft.com/en-us/surface/devices/surface-laptop
microsoft.com/en-us/surface/devices/compare-devices
Screen shot taken successfully at: C:\Users\MKTtools\git\azure_backend_scrappers\static\0Twitter.jpg
]]></system-out>
  </testcase>
  <testcase name="twitterInspectPost[https://www.microsoft.com/en-us/surface/devices/surface-pro](2)" classname="OG_image.ScrappersTwitter" time="4.369">
    <system-out><![CDATA[Screen shot taken successfully at: C:\Users\MKTtools\git\azure_backend_scrappers\static\1Twitter.jpg
]]></system-out>
  </testcase>
  <testcase name="twitterInspectPost[https://www.microsoft.com/en-us/surface/devices/surface-laptop](3)" classname="OG_image.ScrappersTwitter" time="4.365">
    <system-out><![CDATA[Screen shot taken successfully at: C:\Users\MKTtools\git\azure_backend_scrappers\static\2Twitter.jpg
]]></system-out>
  </testcase>
  <testcase name="twitterInspectPost[microsoft.com/en-us/surface/devices/compare-devices](4)" classname="OG_image.ScrappersTwitter" time="4.342">
    <system-out><![CDATA[Screen shot taken successfully at: C:\Users\MKTtools\git\azure_backend_scrappers\static\3Twitter.jpg
]]></system-out>
  </testcase>
  <testcase name="logLastLine" classname="OG_image.ScrappersTwitter" time="0.002">
    <system-out><![CDATA[2025-11-21 12:38:29 [TestNG-tests-1] INFO  Log - twitter scrappers validation has been completed..!
]]></system-out>
  </testcase>
  <testcase name="LikedInLanding" classname="OG_image.ScrappersLinkedIn" time="7.333">
    <system-out><![CDATA[2025-11-21 12:38:29 [TestNG-tests-1] INFO  Log - Browser session ended...
✅ Loaded Crendentials.properties successfully
2025-11-21 12:38:30 [TestNG-tests-1] INFO  Log - Browser session satrted...
2025-11-21 12:38:33 [TestNG-tests-1] INFO  Log - Navigating to LinkedIn post incepator page...
2025-11-21 12:38:37 [TestNG-tests-1] INFO  Log - Loging in...
2025-11-21 12:38:37 [TestNG-tests-1] INFO  Log - Validating each URL and taking screen shots...
]]></system-out>
    <system-err><![CDATA[Nov 21, 2025 12:38:30 PM org.openqa.selenium.devtools.CdpVersionFinder findNearestMatch
WARNING: Unable to find CDP implementation matching 142
Nov 21, 2025 12:38:30 PM org.openqa.selenium.chromium.ChromiumDriver lambda$new$5
WARNING: Unable to find version of CDP to use for 142.0.3595.90. You may need to include a dependency on a specific version of the CDP using something similar to `org.seleniumhq.selenium:selenium-devtools-v86:4.11.0` where the version ("v86") matches the version of the chromium-based browser you're using and the version number of the artifact is the same as Selenium's.
]]></system-err>
  </testcase>
  <testcase name="LinkedInPostInception[https://www.microsoft.com/en-us/surface](1)" classname="OG_image.ScrappersLinkedIn" time="5.291">
    <failure message="no such element: Unable to locate element: {&quot;method&quot;:&quot;xpath&quot;,&quot;selector&quot;:&quot;//input[contains(@placeholder, &apos;Enter a URL to see how&apos;)]&quot;}&#10;  (Session info: MicrosoftEdge=142.0.3595.90)&#10;For documentation on this error, please visit: https://www.selenium.dev/documentation/webdriver/troubleshooting/errors#no-such-element-exception&#10;Build info: version: &apos;4.11.0&apos;, revision: &apos;040bc5406b&apos;&#10;System info: os.name: &apos;Windows Server 2022&apos;, os.arch: &apos;amd64&apos;, os.version: &apos;10.0&apos;, java.version: &apos;21.0.8&apos;&#10;Driver info: org.openqa.selenium.edge.EdgeDriver&#10;Command: [76cccc810f93b3719f8cb9799eaa5c16, findElement {using=xpath, value=//input[contains(@placeholder, &apos;Enter a URL to see how&apos;)]}]&#10;Capabilities {acceptInsecureCerts: false, browserName: MicrosoftEdge, browserVersion: 142.0.3595.90, fedcm:accounts: true, goog:processID: 10344, ms:edgeOptions: {debuggerAddress: localhost:53516}, msedge: {msedgedriverVersion: 142.0.3595.80 (0fc2e42aeea0..., userDataDir: C:\Windows\SystemTemp\scope...}, networkConnectionEnabled: false, pageLoadStrategy: normal, platformName: windows, proxy: Proxy(), se:cdp: ws://localhost:53516/devtoo..., se:cdpVersion: 142.0.3595.90, setWindowRect: true, strictFileInteractability: false, timeouts: {implicit: 0, pageLoad: 300000, script: 30000}, unhandledPromptBehavior: dismiss and notify, webauthn:extension:credBlob: true, webauthn:extension:largeBlob: true, webauthn:extension:minPinLength: true, webauthn:extension:prf: true, webauthn:virtualAuthenticators: true}&#10;Session ID: 76cccc810f93b3719f8cb9799eaa5c16" type="org.openqa.selenium.NoSuchElementException"><![CDATA[org.openqa.selenium.NoSuchElementException: 
no such element: Unable to locate element: {"method":"xpath","selector":"//input[contains(@placeholder, 'Enter a URL to see how')]"}
  (Session info: MicrosoftEdge=142.0.3595.90)
For documentation on this error, please visit: https://www.selenium.dev/documentation/webdriver/troubleshooting/errors#no-such-element-exception
Build info: version: '4.11.0', revision: '040bc5406b'
System info: os.name: 'Windows Server 2022', os.arch: 'amd64', os.version: '10.0', java.version: '21.0.8'
Driver info: org.openqa.selenium.edge.EdgeDriver
Command: [76cccc810f93b3719f8cb9799eaa5c16, findElement {using=xpath, value=//input[contains(@placeholder, 'Enter a URL to see how')]}]
Capabilities {acceptInsecureCerts: false, browserName: MicrosoftEdge, browserVersion: 142.0.3595.90, fedcm:accounts: true, goog:processID: 10344, ms:edgeOptions: {debuggerAddress: localhost:53516}, msedge: {msedgedriverVersion: 142.0.3595.80 (0fc2e42aeea0..., userDataDir: C:\Windows\SystemTemp\scope...}, networkConnectionEnabled: false, pageLoadStrategy: normal, platformName: windows, proxy: Proxy(), se:cdp: ws://localhost:53516/devtoo..., se:cdpVersion: 142.0.3595.90, setWindowRect: true, strictFileInteractability: false, timeouts: {implicit: 0, pageLoad: 300000, script: 30000}, unhandledPromptBehavior: dismiss and notify, webauthn:extension:credBlob: true, webauthn:extension:largeBlob: true, webauthn:extension:minPinLength: true, webauthn:extension:prf: true, webauthn:virtualAuthenticators: true}
Session ID: 76cccc810f93b3719f8cb9799eaa5c16
	at java.base/jdk.internal.reflect.DirectConstructorHandleAccessor.newInstance(DirectConstructorHandleAccessor.java:62)
	at java.base/java.lang.reflect.Constructor.newInstanceWithCaller(Constructor.java:502)
	at java.base/java.lang.reflect.Constructor.newInstance(Constructor.java:486)
	at org.openqa.selenium.remote.codec.w3c.W3CHttpResponseCodec.createException(W3CHttpResponseCodec.java:200)
	at org.openqa.selenium.remote.codec.w3c.W3CHttpResponseCodec.decode(W3CHttpResponseCodec.java:133)
	at org.openqa.selenium.remote.codec.w3c.W3CHttpResponseCodec.decode(W3CHttpResponseCodec.java:52)
	at org.openqa.selenium.remote.HttpCommandExecutor.execute(HttpCommandExecutor.java:191)
	at org.openqa.selenium.remote.service.DriverCommandExecutor.invokeExecute(DriverCommandExecutor.java:196)
	at org.openqa.selenium.remote.service.DriverCommandExecutor.execute(DriverCommandExecutor.java:171)
	at org.openqa.selenium.remote.RemoteWebDriver.execute(RemoteWebDriver.java:518)
	at org.openqa.selenium.remote.ElementLocation$ElementFinder$2.findElement(ElementLocation.java:165)
	at org.openqa.selenium.remote.ElementLocation.findElement(ElementLocation.java:59)
	at org.openqa.selenium.remote.RemoteWebDriver.findElement(RemoteWebDriver.java:355)
	at org.openqa.selenium.remote.RemoteWebDriver.findElement(RemoteWebDriver.java:349)
	at org.openqa.selenium.support.pagefactory.DefaultElementLocator.findElement(DefaultElementLocator.java:68)
	at org.openqa.selenium.support.pagefactory.internal.LocatingElementHandler.invoke(LocatingElementHandler.java:38)
	at jdk.proxy2/jdk.proxy2.$Proxy31.sendKeys(Unknown Source)
	at LinkedIn.LinkedInPostInceptorPage.validateOGimageForURL(LinkedInPostInceptorPage.java:37)
	at OG_image.ScrappersLinkedIn.LinkedInPostInception(ScrappersLinkedIn.java:42)
	at java.base/jdk.internal.reflect.DirectMethodHandleAccessor.invoke(DirectMethodHandleAccessor.java:103)
	at java.base/java.lang.reflect.Method.invoke(Method.java:580)
	at org.testng.internal.invokers.MethodInvocationHelper.invokeMethod(MethodInvocationHelper.java:141)
	at org.testng.internal.invokers.TestInvoker.invokeMethod(TestInvoker.java:687)
	at org.testng.internal.invokers.TestInvoker.invokeTestMethod(TestInvoker.java:230)
	at org.testng.internal.invokers.MethodRunner.runInSequence(MethodRunner.java:63)
	at org.testng.internal.invokers.TestInvoker$MethodInvocationAgent.invoke(TestInvoker.java:995)
	at org.testng.internal.invokers.TestInvoker.invokeTestMethods(TestInvoker.java:203)
	at org.testng.internal.invokers.TestMethodWorker.invokeTestMethods(TestMethodWorker.java:154)
	at org.testng.internal.invokers.TestMethodWorker.run(TestMethodWorker.java:134)
	at java.base/java.util.ArrayList.forEach(ArrayList.java:1596)
	at org.testng.TestRunner.privateRun(TestRunner.java:741)
	at org.testng.TestRunner.run(TestRunner.java:616)
	at org.testng.SuiteRunner.runTest(SuiteRunner.java:421)
	at org.testng.SuiteRunner$SuiteWorker.run(SuiteRunner.java:463)
	at org.testng.internal.thread.ThreadUtil.lambda$execute$0(ThreadUtil.java:64)
	at java.base/java.util.concurrent.FutureTask.run(FutureTask.java:317)
	at java.base/java.util.concurrent.ThreadPoolExecutor.runWorker(ThreadPoolExecutor.java:1144)
	at java.base/java.util.concurrent.ThreadPoolExecutor$Worker.run(ThreadPoolExecutor.java:642)
	at java.base/java.lang.Thread.run(Thread.java:1583)
]]></failure>
    <system-out><![CDATA[https://www.microsoft.com/en-us/surface
https://www.microsoft.com/en-us/surface/devices/surface-pro
https://www.microsoft.com/en-us/surface/devices/surface-laptop
microsoft.com/en-us/surface/devices/compare-devices
]]></system-out>
  </testcase>
  <testcase name="LinkedInPostInception[https://www.microsoft.com/en-us/surface/devices/surface-pro](2)" classname="OG_image.ScrappersLinkedIn" time="5.046">
    <failure message="no such element: Unable to locate element: {&quot;method&quot;:&quot;xpath&quot;,&quot;selector&quot;:&quot;//input[contains(@placeholder, &apos;Enter a URL to see how&apos;)]&quot;}&#10;  (Session info: MicrosoftEdge=142.0.3595.90)&#10;For documentation on this error, please visit: https://www.selenium.dev/documentation/webdriver/troubleshooting/errors#no-such-element-exception&#10;Build info: version: &apos;4.11.0&apos;, revision: &apos;040bc5406b&apos;&#10;System info: os.name: &apos;Windows Server 2022&apos;, os.arch: &apos;amd64&apos;, os.version: &apos;10.0&apos;, java.version: &apos;21.0.8&apos;&#10;Driver info: org.openqa.selenium.edge.EdgeDriver&#10;Command: [76cccc810f93b3719f8cb9799eaa5c16, findElement {using=xpath, value=//input[contains(@placeholder, &apos;Enter a URL to see how&apos;)]}]&#10;Capabilities {acceptInsecureCerts: false, browserName: MicrosoftEdge, browserVersion: 142.0.3595.90, fedcm:accounts: true, goog:processID: 10344, ms:edgeOptions: {debuggerAddress: localhost:53516}, msedge: {msedgedriverVersion: 142.0.3595.80 (0fc2e42aeea0..., userDataDir: C:\Windows\SystemTemp\scope...}, networkConnectionEnabled: false, pageLoadStrategy: normal, platformName: windows, proxy: Proxy(), se:cdp: ws://localhost:53516/devtoo..., se:cdpVersion: 142.0.3595.90, setWindowRect: true, strictFileInteractability: false, timeouts: {implicit: 0, pageLoad: 300000, script: 30000}, unhandledPromptBehavior: dismiss and notify, webauthn:extension:credBlob: true, webauthn:extension:largeBlob: true, webauthn:extension:minPinLength: true, webauthn:extension:prf: true, webauthn:virtualAuthenticators: true}&#10;Session ID: 76cccc810f93b3719f8cb9799eaa5c16" type="org.openqa.selenium.NoSuchElementException"><![CDATA[org.openqa.selenium.NoSuchElementException: 
no such element: Unable to locate element: {"method":"xpath","selector":"//input[contains(@placeholder, 'Enter a URL to see how')]"}
  (Session info: MicrosoftEdge=142.0.3595.90)
For documentation on this error, please visit: https://www.selenium.dev/documentation/webdriver/troubleshooting/errors#no-such-element-exception
Build info: version: '4.11.0', revision: '040bc5406b'
System info: os.name: 'Windows Server 2022', os.arch: 'amd64', os.version: '10.0', java.version: '21.0.8'
Driver info: org.openqa.selenium.edge.EdgeDriver
Command: [76cccc810f93b3719f8cb9799eaa5c16, findElement {using=xpath, value=//input[contains(@placeholder, 'Enter a URL to see how')]}]
Capabilities {acceptInsecureCerts: false, browserName: MicrosoftEdge, browserVersion: 142.0.3595.90, fedcm:accounts: true, goog:processID: 10344, ms:edgeOptions: {debuggerAddress: localhost:53516}, msedge: {msedgedriverVersion: 142.0.3595.80 (0fc2e42aeea0..., userDataDir: C:\Windows\SystemTemp\scope...}, networkConnectionEnabled: false, pageLoadStrategy: normal, platformName: windows, proxy: Proxy(), se:cdp: ws://localhost:53516/devtoo..., se:cdpVersion: 142.0.3595.90, setWindowRect: true, strictFileInteractability: false, timeouts: {implicit: 0, pageLoad: 300000, script: 30000}, unhandledPromptBehavior: dismiss and notify, webauthn:extension:credBlob: true, webauthn:extension:largeBlob: true, webauthn:extension:minPinLength: true, webauthn:extension:prf: true, webauthn:virtualAuthenticators: true}
Session ID: 76cccc810f93b3719f8cb9799eaa5c16
	at java.base/jdk.internal.reflect.DirectConstructorHandleAccessor.newInstance(DirectConstructorHandleAccessor.java:62)
	at java.base/java.lang.reflect.Constructor.newInstanceWithCaller(Constructor.java:502)
	at java.base/java.lang.reflect.Constructor.newInstance(Constructor.java:486)
	at org.openqa.selenium.remote.codec.w3c.W3CHttpResponseCodec.createException(W3CHttpResponseCodec.java:200)
	at org.openqa.selenium.remote.codec.w3c.W3CHttpResponseCodec.decode(W3CHttpResponseCodec.java:133)
	at org.openqa.selenium.remote.codec.w3c.W3CHttpResponseCodec.decode(W3CHttpResponseCodec.java:52)
	at org.openqa.selenium.remote.HttpCommandExecutor.execute(HttpCommandExecutor.java:191)
	at org.openqa.selenium.remote.service.DriverCommandExecutor.invokeExecute(DriverCommandExecutor.java:196)
	at org.openqa.selenium.remote.service.DriverCommandExecutor.execute(DriverCommandExecutor.java:171)
	at org.openqa.selenium.remote.RemoteWebDriver.execute(RemoteWebDriver.java:518)
	at org.openqa.selenium.remote.ElementLocation$ElementFinder$2.findElement(ElementLocation.java:165)
	at org.openqa.selenium.remote.ElementLocation.findElement(ElementLocation.java:59)
	at org.openqa.selenium.remote.RemoteWebDriver.findElement(RemoteWebDriver.java:355)
	at org.openqa.selenium.remote.RemoteWebDriver.findElement(RemoteWebDriver.java:349)
	at org.openqa.selenium.support.pagefactory.DefaultElementLocator.findElement(DefaultElementLocator.java:68)
	at org.openqa.selenium.support.pagefactory.internal.LocatingElementHandler.invoke(LocatingElementHandler.java:38)
	at jdk.proxy2/jdk.proxy2.$Proxy31.sendKeys(Unknown Source)
	at LinkedIn.LinkedInPostInceptorPage.validateOGimageForURL(LinkedInPostInceptorPage.java:37)
	at OG_image.ScrappersLinkedIn.LinkedInPostInception(ScrappersLinkedIn.java:42)
	at java.base/jdk.internal.reflect.DirectMethodHandleAccessor.invoke(DirectMethodHandleAccessor.java:103)
	at java.base/java.lang.reflect.Method.invoke(Method.java:580)
	at org.testng.internal.invokers.MethodInvocationHelper.invokeMethod(MethodInvocationHelper.java:141)
	at org.testng.internal.invokers.TestInvoker.invokeMethod(TestInvoker.java:687)
	at org.testng.internal.invokers.TestInvoker.invokeTestMethod(TestInvoker.java:230)
	at org.testng.internal.invokers.MethodRunner.runInSequence(MethodRunner.java:63)
	at org.testng.internal.invokers.TestInvoker$MethodInvocationAgent.invoke(TestInvoker.java:995)
	at org.testng.internal.invokers.TestInvoker.invokeTestMethods(TestInvoker.java:203)
	at org.testng.internal.invokers.TestMethodWorker.invokeTestMethods(TestMethodWorker.java:154)
	at org.testng.internal.invokers.TestMethodWorker.run(TestMethodWorker.java:134)
	at java.base/java.util.ArrayList.forEach(ArrayList.java:1596)
	at org.testng.TestRunner.privateRun(TestRunner.java:741)
	at org.testng.TestRunner.run(TestRunner.java:616)
	at org.testng.SuiteRunner.runTest(SuiteRunner.java:421)
	at org.testng.SuiteRunner$SuiteWorker.run(SuiteRunner.java:463)
	at org.testng.internal.thread.ThreadUtil.lambda$execute$0(ThreadUtil.java:64)
	at java.base/java.util.concurrent.FutureTask.run(FutureTask.java:317)
	at java.base/java.util.concurrent.ThreadPoolExecutor.runWorker(ThreadPoolExecutor.java:1144)
	at java.base/java.util.concurrent.ThreadPoolExecutor$Worker.run(ThreadPoolExecutor.java:642)
	at java.base/java.lang.Thread.run(Thread.java:1583)
]]></failure>
  </testcase>
  <testcase name="LinkedInPostInception[https://www.microsoft.com/en-us/surface/devices/surface-laptop](3)" classname="OG_image.ScrappersLinkedIn" time="5.034">
    <failure message="no such element: Unable to locate element: {&quot;method&quot;:&quot;xpath&quot;,&quot;selector&quot;:&quot;//input[contains(@placeholder, &apos;Enter a URL to see how&apos;)]&quot;}&#10;  (Session info: MicrosoftEdge=142.0.3595.90)&#10;For documentation on this error, please visit: https://www.selenium.dev/documentation/webdriver/troubleshooting/errors#no-such-element-exception&#10;Build info: version: &apos;4.11.0&apos;, revision: &apos;040bc5406b&apos;&#10;System info: os.name: &apos;Windows Server 2022&apos;, os.arch: &apos;amd64&apos;, os.version: &apos;10.0&apos;, java.version: &apos;21.0.8&apos;&#10;Driver info: org.openqa.selenium.edge.EdgeDriver&#10;Command: [76cccc810f93b3719f8cb9799eaa5c16, findElement {using=xpath, value=//input[contains(@placeholder, &apos;Enter a URL to see how&apos;)]}]&#10;Capabilities {acceptInsecureCerts: false, browserName: MicrosoftEdge, browserVersion: 142.0.3595.90, fedcm:accounts: true, goog:processID: 10344, ms:edgeOptions: {debuggerAddress: localhost:53516}, msedge: {msedgedriverVersion: 142.0.3595.80 (0fc2e42aeea0..., userDataDir: C:\Windows\SystemTemp\scope...}, networkConnectionEnabled: false, pageLoadStrategy: normal, platformName: windows, proxy: Proxy(), se:cdp: ws://localhost:53516/devtoo..., se:cdpVersion: 142.0.3595.90, setWindowRect: true, strictFileInteractability: false, timeouts: {implicit: 0, pageLoad: 300000, script: 30000}, unhandledPromptBehavior: dismiss and notify, webauthn:extension:credBlob: true, webauthn:extension:largeBlob: true, webauthn:extension:minPinLength: true, webauthn:extension:prf: true, webauthn:virtualAuthenticators: true}&#10;Session ID: 76cccc810f93b3719f8cb9799eaa5c16" type="org.openqa.selenium.NoSuchElementException"><![CDATA[org.openqa.selenium.NoSuchElementException: 
no such element: Unable to locate element: {"method":"xpath","selector":"//input[contains(@placeholder, 'Enter a URL to see how')]"}
  (Session info: MicrosoftEdge=142.0.3595.90)
For documentation on this error, please visit: https://www.selenium.dev/documentation/webdriver/troubleshooting/errors#no-such-element-exception
Build info: version: '4.11.0', revision: '040bc5406b'
System info: os.name: 'Windows Server 2022', os.arch: 'amd64', os.version: '10.0', java.version: '21.0.8'
Driver info: org.openqa.selenium.edge.EdgeDriver
Command: [76cccc810f93b3719f8cb9799eaa5c16, findElement {using=xpath, value=//input[contains(@placeholder, 'Enter a URL to see how')]}]
Capabilities {acceptInsecureCerts: false, browserName: MicrosoftEdge, browserVersion: 142.0.3595.90, fedcm:accounts: true, goog:processID: 10344, ms:edgeOptions: {debuggerAddress: localhost:53516}, msedge: {msedgedriverVersion: 142.0.3595.80 (0fc2e42aeea0..., userDataDir: C:\Windows\SystemTemp\scope...}, networkConnectionEnabled: false, pageLoadStrategy: normal, platformName: windows, proxy: Proxy(), se:cdp: ws://localhost:53516/devtoo..., se:cdpVersion: 142.0.3595.90, setWindowRect: true, strictFileInteractability: false, timeouts: {implicit: 0, pageLoad: 300000, script: 30000}, unhandledPromptBehavior: dismiss and notify, webauthn:extension:credBlob: true, webauthn:extension:largeBlob: true, webauthn:extension:minPinLength: true, webauthn:extension:prf: true, webauthn:virtualAuthenticators: true}
Session ID: 76cccc810f93b3719f8cb9799eaa5c16
	at java.base/jdk.internal.reflect.DirectConstructorHandleAccessor.newInstance(DirectConstructorHandleAccessor.java:62)
	at java.base/java.lang.reflect.Constructor.newInstanceWithCaller(Constructor.java:502)
	at java.base/java.lang.reflect.Constructor.newInstance(Constructor.java:486)
	at org.openqa.selenium.remote.codec.w3c.W3CHttpResponseCodec.createException(W3CHttpResponseCodec.java:200)
	at org.openqa.selenium.remote.codec.w3c.W3CHttpResponseCodec.decode(W3CHttpResponseCodec.java:133)
	at org.openqa.selenium.remote.codec.w3c.W3CHttpResponseCodec.decode(W3CHttpResponseCodec.java:52)
	at org.openqa.selenium.remote.HttpCommandExecutor.execute(HttpCommandExecutor.java:191)
	at org.openqa.selenium.remote.service.DriverCommandExecutor.invokeExecute(DriverCommandExecutor.java:196)
	at org.openqa.selenium.remote.service.DriverCommandExecutor.execute(DriverCommandExecutor.java:171)
	at org.openqa.selenium.remote.RemoteWebDriver.execute(RemoteWebDriver.java:518)
	at org.openqa.selenium.remote.ElementLocation$ElementFinder$2.findElement(ElementLocation.java:165)
	at org.openqa.selenium.remote.ElementLocation.findElement(ElementLocation.java:59)
	at org.openqa.selenium.remote.RemoteWebDriver.findElement(RemoteWebDriver.java:355)
	at org.openqa.selenium.remote.RemoteWebDriver.findElement(RemoteWebDriver.java:349)
	at org.openqa.selenium.support.pagefactory.DefaultElementLocator.findElement(DefaultElementLocator.java:68)
	at org.openqa.selenium.support.pagefactory.internal.LocatingElementHandler.invoke(LocatingElementHandler.java:38)
	at jdk.proxy2/jdk.proxy2.$Proxy31.sendKeys(Unknown Source)
	at LinkedIn.LinkedInPostInceptorPage.validateOGimageForURL(LinkedInPostInceptorPage.java:37)
	at OG_image.ScrappersLinkedIn.LinkedInPostInception(ScrappersLinkedIn.java:42)
	at java.base/jdk.internal.reflect.DirectMethodHandleAccessor.invoke(DirectMethodHandleAccessor.java:103)
	at java.base/java.lang.reflect.Method.invoke(Method.java:580)
	at org.testng.internal.invokers.MethodInvocationHelper.invokeMethod(MethodInvocationHelper.java:141)
	at org.testng.internal.invokers.TestInvoker.invokeMethod(TestInvoker.java:687)
	at org.testng.internal.invokers.TestInvoker.invokeTestMethod(TestInvoker.java:230)
	at org.testng.internal.invokers.MethodRunner.runInSequence(MethodRunner.java:63)
	at org.testng.internal.invokers.TestInvoker$MethodInvocationAgent.invoke(TestInvoker.java:995)
	at org.testng.internal.invokers.TestInvoker.invokeTestMethods(TestInvoker.java:203)
	at org.testng.internal.invokers.TestMethodWorker.invokeTestMethods(TestMethodWorker.java:154)
	at org.testng.internal.invokers.TestMethodWorker.run(TestMethodWorker.java:134)
	at java.base/java.util.ArrayList.forEach(ArrayList.java:1596)
	at org.testng.TestRunner.privateRun(TestRunner.java:741)
	at org.testng.TestRunner.run(TestRunner.java:616)
	at org.testng.SuiteRunner.runTest(SuiteRunner.java:421)
	at org.testng.SuiteRunner$SuiteWorker.run(SuiteRunner.java:463)
	at org.testng.internal.thread.ThreadUtil.lambda$execute$0(ThreadUtil.java:64)
	at java.base/java.util.concurrent.FutureTask.run(FutureTask.java:317)
	at java.base/java.util.concurrent.ThreadPoolExecutor.runWorker(ThreadPoolExecutor.java:1144)
	at java.base/java.util.concurrent.ThreadPoolExecutor$Worker.run(ThreadPoolExecutor.java:642)
	at java.base/java.lang.Thread.run(Thread.java:1583)
]]></failure>
  </testcase>
  <testcase name="LinkedInPostInception[microsoft.com/en-us/surface/devices/compare-devices](4)" classname="OG_image.ScrappersLinkedIn" time="5.013">
    <failure message="no such element: Unable to locate element: {&quot;method&quot;:&quot;xpath&quot;,&quot;selector&quot;:&quot;//input[contains(@placeholder, &apos;Enter a URL to see how&apos;)]&quot;}&#10;  (Session info: MicrosoftEdge=142.0.3595.90)&#10;For documentation on this error, please visit: https://www.selenium.dev/documentation/webdriver/troubleshooting/errors#no-such-element-exception&#10;Build info: version: &apos;4.11.0&apos;, revision: &apos;040bc5406b&apos;&#10;System info: os.name: &apos;Windows Server 2022&apos;, os.arch: &apos;amd64&apos;, os.version: &apos;10.0&apos;, java.version: &apos;21.0.8&apos;&#10;Driver info: org.openqa.selenium.edge.EdgeDriver&#10;Command: [76cccc810f93b3719f8cb9799eaa5c16, findElement {using=xpath, value=//input[contains(@placeholder, &apos;Enter a URL to see how&apos;)]}]&#10;Capabilities {acceptInsecureCerts: false, browserName: MicrosoftEdge, browserVersion: 142.0.3595.90, fedcm:accounts: true, goog:processID: 10344, ms:edgeOptions: {debuggerAddress: localhost:53516}, msedge: {msedgedriverVersion: 142.0.3595.80 (0fc2e42aeea0..., userDataDir: C:\Windows\SystemTemp\scope...}, networkConnectionEnabled: false, pageLoadStrategy: normal, platformName: windows, proxy: Proxy(), se:cdp: ws://localhost:53516/devtoo..., se:cdpVersion: 142.0.3595.90, setWindowRect: true, strictFileInteractability: false, timeouts: {implicit: 0, pageLoad: 300000, script: 30000}, unhandledPromptBehavior: dismiss and notify, webauthn:extension:credBlob: true, webauthn:extension:largeBlob: true, webauthn:extension:minPinLength: true, webauthn:extension:prf: true, webauthn:virtualAuthenticators: true}&#10;Session ID: 76cccc810f93b3719f8cb9799eaa5c16" type="org.openqa.selenium.NoSuchElementException"><![CDATA[org.openqa.selenium.NoSuchElementException: 
no such element: Unable to locate element: {"method":"xpath","selector":"//input[contains(@placeholder, 'Enter a URL to see how')]"}
  (Session info: MicrosoftEdge=142.0.3595.90)
For documentation on this error, please visit: https://www.selenium.dev/documentation/webdriver/troubleshooting/errors#no-such-element-exception
Build info: version: '4.11.0', revision: '040bc5406b'
System info: os.name: 'Windows Server 2022', os.arch: 'amd64', os.version: '10.0', java.version: '21.0.8'
Driver info: org.openqa.selenium.edge.EdgeDriver
Command: [76cccc810f93b3719f8cb9799eaa5c16, findElement {using=xpath, value=//input[contains(@placeholder, 'Enter a URL to see how')]}]
Capabilities {acceptInsecureCerts: false, browserName: MicrosoftEdge, browserVersion: 142.0.3595.90, fedcm:accounts: true, goog:processID: 10344, ms:edgeOptions: {debuggerAddress: localhost:53516}, msedge: {msedgedriverVersion: 142.0.3595.80 (0fc2e42aeea0..., userDataDir: C:\Windows\SystemTemp\scope...}, networkConnectionEnabled: false, pageLoadStrategy: normal, platformName: windows, proxy: Proxy(), se:cdp: ws://localhost:53516/devtoo..., se:cdpVersion: 142.0.3595.90, setWindowRect: true, strictFileInteractability: false, timeouts: {implicit: 0, pageLoad: 300000, script: 30000}, unhandledPromptBehavior: dismiss and notify, webauthn:extension:credBlob: true, webauthn:extension:largeBlob: true, webauthn:extension:minPinLength: true, webauthn:extension:prf: true, webauthn:virtualAuthenticators: true}
Session ID: 76cccc810f93b3719f8cb9799eaa5c16
	at java.base/jdk.internal.reflect.DirectConstructorHandleAccessor.newInstance(DirectConstructorHandleAccessor.java:62)
	at java.base/java.lang.reflect.Constructor.newInstanceWithCaller(Constructor.java:502)
	at java.base/java.lang.reflect.Constructor.newInstance(Constructor.java:486)
	at org.openqa.selenium.remote.codec.w3c.W3CHttpResponseCodec.createException(W3CHttpResponseCodec.java:200)
	at org.openqa.selenium.remote.codec.w3c.W3CHttpResponseCodec.decode(W3CHttpResponseCodec.java:133)
	at org.openqa.selenium.remote.codec.w3c.W3CHttpResponseCodec.decode(W3CHttpResponseCodec.java:52)
	at org.openqa.selenium.remote.HttpCommandExecutor.execute(HttpCommandExecutor.java:191)
	at org.openqa.selenium.remote.service.DriverCommandExecutor.invokeExecute(DriverCommandExecutor.java:196)
	at org.openqa.selenium.remote.service.DriverCommandExecutor.execute(DriverCommandExecutor.java:171)
	at org.openqa.selenium.remote.RemoteWebDriver.execute(RemoteWebDriver.java:518)
	at org.openqa.selenium.remote.ElementLocation$ElementFinder$2.findElement(ElementLocation.java:165)
	at org.openqa.selenium.remote.ElementLocation.findElement(ElementLocation.java:59)
	at org.openqa.selenium.remote.RemoteWebDriver.findElement(RemoteWebDriver.java:355)
	at org.openqa.selenium.remote.RemoteWebDriver.findElement(RemoteWebDriver.java:349)
	at org.openqa.selenium.support.pagefactory.DefaultElementLocator.findElement(DefaultElementLocator.java:68)
	at org.openqa.selenium.support.pagefactory.internal.LocatingElementHandler.invoke(LocatingElementHandler.java:38)
	at jdk.proxy2/jdk.proxy2.$Proxy31.sendKeys(Unknown Source)
	at LinkedIn.LinkedInPostInceptorPage.validateOGimageForURL(LinkedInPostInceptorPage.java:37)
	at OG_image.ScrappersLinkedIn.LinkedInPostInception(ScrappersLinkedIn.java:42)
	at java.base/jdk.internal.reflect.DirectMethodHandleAccessor.invoke(DirectMethodHandleAccessor.java:103)
	at java.base/java.lang.reflect.Method.invoke(Method.java:580)
	at org.testng.internal.invokers.MethodInvocationHelper.invokeMethod(MethodInvocationHelper.java:141)
	at org.testng.internal.invokers.TestInvoker.invokeMethod(TestInvoker.java:687)
	at org.testng.internal.invokers.TestInvoker.invokeTestMethod(TestInvoker.java:230)
	at org.testng.internal.invokers.MethodRunner.runInSequence(MethodRunner.java:63)
	at org.testng.internal.invokers.TestInvoker$MethodInvocationAgent.invoke(TestInvoker.java:995)
	at org.testng.internal.invokers.TestInvoker.invokeTestMethods(TestInvoker.java:203)
	at org.testng.internal.invokers.TestMethodWorker.invokeTestMethods(TestMethodWorker.java:154)
	at org.testng.internal.invokers.TestMethodWorker.run(TestMethodWorker.java:134)
	at java.base/java.util.ArrayList.forEach(ArrayList.java:1596)
	at org.testng.TestRunner.privateRun(TestRunner.java:741)
	at org.testng.TestRunner.run(TestRunner.java:616)
	at org.testng.SuiteRunner.runTest(SuiteRunner.java:421)
	at org.testng.SuiteRunner$SuiteWorker.run(SuiteRunner.java:463)
	at org.testng.internal.thread.ThreadUtil.lambda$execute$0(ThreadUtil.java:64)
	at java.base/java.util.concurrent.FutureTask.run(FutureTask.java:317)
	at java.base/java.util.concurrent.ThreadPoolExecutor.runWorker(ThreadPoolExecutor.java:1144)
	at java.base/java.util.concurrent.ThreadPoolExecutor$Worker.run(ThreadPoolExecutor.java:642)
	at java.base/java.lang.Thread.run(Thread.java:1583)
]]></failure>
  </testcase>
  <testcase name="logLastLine" classname="OG_image.ScrappersLinkedIn" time="0">
    <skipped message="Method OG_image.ScrappersLinkedIn.logLastLine() on instance OG_image.ScrappersLinkedIn@15de0b3c depends on not successfully finished methods &#10;[OG_image.ScrappersLinkedIn.LinkedInPostInception() on instance OG_image.ScrappersLinkedIn@15de0b3c]"/>
  </testcase>
</testsuite>