<?xml version="1.0" encoding="UTF-8"?>
<testng-results ignored="0" total="9" passed="9" failed="0" skipped="0">
  <reporter-output>
  </reporter-output>
  <suite started-at="2025-07-24T14:23:44 IST" name="All Test Suite" finished-at="2025-07-24T14:25:22 IST" duration-ms="97679">
    <groups>
    </groups>
    <test started-at="2025-07-24T14:23:44 IST" name="ScrapperTests1" finished-at="2025-07-24T14:24:35 IST" duration-ms="51202">
      <class name="OG_image.ScrappersTwitter">
        <test-method is-config="true" signature="beforeTest()[pri:0, instance:OG_image.ScrappersTwitter@561b6512]" started-at="2025-07-24T14:23:44 IST" name="beforeTest" finished-at="2025-07-24T14:23:53 IST" duration-ms="8852" status="PASS">
          <reporter-output>
          </reporter-output>
        </test-method> <!-- beforeTest -->
        <test-method signature="twitterLanding()[pri:0, instance:OG_image.ScrappersTwitter@561b6512]" started-at="2025-07-24T14:23:53 IST" name="twitterLanding" finished-at="2025-07-24T14:24:23 IST" duration-ms="30138" status="PASS">
          <reporter-output>
          </reporter-output>
        </test-method> <!-- twitterLanding -->
        <test-method signature="twitterInspectPost(java.lang.String)[pri:0, instance:OG_image.ScrappersTwitter@561b6512]" started-at="2025-07-24T14:24:30 IST" name="twitterInspectPost" data-provider="needTotestUrls" finished-at="2025-07-24T14:24:34 IST" depends-on-methods="OG_image.ScrappersTwitter.twitterLanding" duration-ms="3544" status="PASS">
          <params>
            <param index="0">
              <value>
                <![CDATA[https://www.microsoft.com/en-us/surface]]>
              </value>
            </param>
          </params>
          <reporter-output>
          </reporter-output>
        </test-method> <!-- twitterInspectPost -->
        <test-method signature="logLastLine()[pri:0, instance:OG_image.ScrappersTwitter@561b6512]" started-at="2025-07-24T14:24:34 IST" name="logLastLine" finished-at="2025-07-24T14:24:34 IST" depends-on-methods="OG_image.ScrappersTwitter.twitterInspectPost" duration-ms="9" status="PASS">
          <reporter-output>
          </reporter-output>
        </test-method> <!-- logLastLine -->
        <test-method is-config="true" signature="afterTest()[pri:0, instance:OG_image.ScrappersTwitter@561b6512]" started-at="2025-07-24T14:24:34 IST" name="afterTest" finished-at="2025-07-24T14:24:35 IST" duration-ms="1824" status="PASS">
          <reporter-output>
          </reporter-output>
        </test-method> <!-- afterTest -->
      </class> <!-- OG_image.ScrappersTwitter -->
    </test> <!-- ScrapperTests1 -->
    <test started-at="2025-07-24T14:23:44 IST" name="ScrapperTests" finished-at="2025-07-24T14:25:02 IST" duration-ms="78077">
      <class name="OG_image.ScrappersFacebook">
        <test-method is-config="true" signature="beforeTest()[pri:0, instance:OG_image.ScrappersFacebook@1c1bbc4e]" started-at="2025-07-24T14:23:44 IST" name="beforeTest" finished-at="2025-07-24T14:23:53 IST" duration-ms="8856" status="PASS">
          <reporter-output>
          </reporter-output>
        </test-method> <!-- beforeTest -->
        <test-method signature="facebookLanding()[pri:0, instance:OG_image.ScrappersFacebook@1c1bbc4e]" started-at="2025-07-24T14:23:53 IST" name="facebookLanding" finished-at="2025-07-24T14:24:46 IST" duration-ms="52714" status="PASS">
          <reporter-output>
          </reporter-output>
        </test-method> <!-- facebookLanding -->
        <test-method signature="facebookPostInce(java.lang.String)[pri:0, instance:OG_image.ScrappersFacebook@1c1bbc4e]" started-at="2025-07-24T14:24:46 IST" name="facebookPostInce" data-provider="needTotestUrls" finished-at="2025-07-24T14:24:55 IST" depends-on-methods="OG_image.ScrappersFacebook.facebookLanding" duration-ms="8483" status="PASS">
          <params>
            <param index="0">
              <value>
                <![CDATA[https://www.microsoft.com/en-us/surface]]>
              </value>
            </param>
          </params>
          <reporter-output>
          </reporter-output>
        </test-method> <!-- facebookPostInce -->
        <test-method signature="logLastLine()[pri:0, instance:OG_image.ScrappersFacebook@1c1bbc4e]" started-at="2025-07-24T14:24:55 IST" name="logLastLine" finished-at="2025-07-24T14:24:55 IST" depends-on-methods="OG_image.ScrappersFacebook.facebookPostInce" duration-ms="6" status="PASS">
          <reporter-output>
          </reporter-output>
        </test-method> <!-- logLastLine -->
        <test-method is-config="true" signature="afterTest()[pri:0, instance:OG_image.ScrappersFacebook@1c1bbc4e]" started-at="2025-07-24T14:24:55 IST" name="afterTest" finished-at="2025-07-24T14:25:02 IST" duration-ms="7425" status="PASS">
          <reporter-output>
          </reporter-output>
        </test-method> <!-- afterTest -->
      </class> <!-- OG_image.ScrappersFacebook -->
    </test> <!-- ScrapperTests -->
    <test started-at="2025-07-24T14:24:36 IST" name="ScrapperTests2" finished-at="2025-07-24T14:25:22 IST" duration-ms="46335">
      <class name="OG_image.ScrappersLinkedIn">
        <test-method is-config="true" signature="beforeSuite()[pri:0, instance:OG_image.ScrappersLinkedIn@5c671d7f]" started-at="2025-07-24T14:23:43 IST" name="beforeSuite" finished-at="2025-07-24T14:23:44 IST" duration-ms="791" status="PASS">
          <reporter-output>
          </reporter-output>
        </test-method> <!-- beforeSuite -->
        <test-method is-config="true" signature="beforeTest()[pri:0, instance:OG_image.ScrappersLinkedIn@5c671d7f]" started-at="2025-07-24T14:24:36 IST" name="beforeTest" finished-at="2025-07-24T14:24:41 IST" duration-ms="5134" status="PASS">
          <reporter-output>
          </reporter-output>
        </test-method> <!-- beforeTest -->
        <test-method signature="LikedInLanding()[pri:0, instance:OG_image.ScrappersLinkedIn@5c671d7f]" started-at="2025-07-24T14:24:41 IST" name="LikedInLanding" finished-at="2025-07-24T14:25:15 IST" duration-ms="34111" status="PASS">
          <reporter-output>
          </reporter-output>
        </test-method> <!-- LikedInLanding -->
        <test-method signature="LinkedInPostInception(java.lang.String)[pri:0, instance:OG_image.ScrappersLinkedIn@5c671d7f]" started-at="2025-07-24T14:25:15 IST" name="LinkedInPostInception" data-provider="needTotestUrls" finished-at="2025-07-24T14:25:20 IST" depends-on-methods="OG_image.ScrappersLinkedIn.LikedInLanding" duration-ms="4572" status="PASS">
          <params>
            <param index="0">
              <value>
                <![CDATA[https://www.microsoft.com/en-us/surface]]>
              </value>
            </param>
          </params>
          <reporter-output>
          </reporter-output>
        </test-method> <!-- LinkedInPostInception -->
        <test-method signature="logLastLine()[pri:0, instance:OG_image.ScrappersLinkedIn@5c671d7f]" started-at="2025-07-24T14:25:20 IST" name="logLastLine" finished-at="2025-07-24T14:25:20 IST" depends-on-methods="OG_image.ScrappersLinkedIn.LinkedInPostInception" duration-ms="23" status="PASS">
          <reporter-output>
          </reporter-output>
        </test-method> <!-- logLastLine -->
        <test-method is-config="true" signature="afterTest()[pri:0, instance:OG_image.ScrappersLinkedIn@5c671d7f]" started-at="2025-07-24T14:25:20 IST" name="afterTest" finished-at="2025-07-24T14:25:22 IST" duration-ms="2219" status="PASS">
          <reporter-output>
          </reporter-output>
        </test-method> <!-- afterTest -->
        <test-method is-config="true" signature="afterSuite()[pri:0, instance:OG_image.ScrappersLinkedIn@5c671d7f]" started-at="2025-07-24T14:25:22 IST" name="afterSuite" finished-at="2025-07-24T14:25:39 IST" duration-ms="17220" status="PASS">
          <reporter-output>
          </reporter-output>
        </test-method> <!-- afterSuite -->
      </class> <!-- OG_image.ScrappersLinkedIn -->
    </test> <!-- ScrapperTests2 -->
  </suite> <!-- All Test Suite -->
</testng-results>
