<?xml version="1.0" encoding="UTF-8"?>
<!-- Generated by org.testng.reporters.JUnitXMLReporter -->
<testsuite ignored="0" hostname="MKTtools" failures="0" tests="6" name="ScrapperTests1" time="21.202" errors="0" timestamp="2025-11-21T12:38:29 IST">
  <testcase classname="OG_image.ScrappersTwitter" name="twitterLanding" time="2.791"/>
  <testcase classname="OG_image.ScrappersTwitter" name="twitterInspectPost" time="4.45"/>
  <testcase classname="OG_image.ScrappersTwitter" name="twitterInspectPost" time="4.368"/>
  <testcase classname="OG_image.ScrappersTwitter" name="twitterInspectPost" time="4.365"/>
  <testcase classname="OG_image.ScrappersTwitter" name="twitterInspectPost" time="4.341"/>
  <testcase classname="OG_image.ScrappersTwitter" name="logLastLine" time="0.0"/>
</testsuite> <!-- ScrapperTests1 -->
