<?xml version="1.0" encoding="UTF-8"?>
<!-- Generated by org.testng.reporters.JUnitXMLReporter -->
<testsuite ignored="0" hostname="LP-5CD212M0Y5" failures="0" tests="5" name="ScrapperTests" time="67.086" errors="0" timestamp="2025-09-03T22:35:02 IST">
  <testcase classname="OG_image.ScrappersFacebook" name="facebookLanding" time="30.648"/>
  <testcase classname="OG_image.ScrappersFacebook" name="facebookPostInce" time="6.745"/>
  <testcase classname="OG_image.ScrappersFacebook" name="facebookPostInce" time="4.521"/>
  <testcase classname="OG_image.ScrappersFacebook" name="facebookPostInce" time="4.061"/>
  <testcase classname="OG_image.ScrappersFacebook" name="logLastLine" time="0.009"/>
</testsuite> <!-- ScrapperTests -->
