<?xml version="1.0" encoding="UTF-8"?>
<!-- Generated by org.testng.reporters.JUnitXMLReporter -->
<testsuite ignored="0" hostname="MKTtools" failures="0" tests="6" name="ScrapperTests" time="36.231" errors="0" timestamp="2025-11-21T12:38:08 IST">
  <testcase classname="OG_image.ScrappersFacebook" name="facebookLanding" time="18.455"/>
  <testcase classname="OG_image.ScrappersFacebook" name="facebookPostInce" time="2.115"/>
  <testcase classname="OG_image.ScrappersFacebook" name="facebookPostInce" time="2.054"/>
  <testcase classname="OG_image.ScrappersFacebook" name="facebookPostInce" time="1.751"/>
  <testcase classname="OG_image.ScrappersFacebook" name="facebookPostInce" time="2.342"/>
  <testcase classname="OG_image.ScrappersFacebook" name="logLastLine" time="0.002"/>
</testsuite> <!-- ScrapperTests -->
