<?xml version="1.0" encoding="UTF-8"?>
<!-- Generated by org.testng.reporters.JUnitXMLReporter -->
<testsuite ignored="0" hostname="LP-5CD212M0Y5" failures="0" tests="4" name="ScrapperTests2" time="56.028" errors="0" timestamp="2025-08-13T12:55:39 IST">
  <testcase classname="OG_image.ScrappersLinkedIn" name="LikedInLanding" time="38.531"/>
  <testcase classname="OG_image.ScrappersLinkedIn" name="LinkedInPostInception" time="7.486"/>
  <testcase classname="OG_image.ScrappersLinkedIn" name="LinkedInPostInception" time="3.118"/>
  <testcase classname="OG_image.ScrappersLinkedIn" name="logLastLine" time="0.002"/>
</testsuite> <!-- ScrapperTests2 -->
