<?xml version="1.0" encoding="UTF-8"?>
<!-- Generated by org.testng.reporters.JUnitReportReporter -->
<testsuite hostname="MKTtools" failures="0" tests="3" name="OG_image.ScrappersTwitter" time="6.056" errors="0" timestamp="2025-11-16T10:22:30 IST" skipped="0">
  <testcase classname="OG_image.ScrappersTwitter" name="twitterLanding" time="1.610"/>
  <testcase classname="OG_image.ScrappersTwitter" name="twitterInspectPost" time="4.445"/>
  <testcase classname="OG_image.ScrappersTwitter" name="logLastLine" time="0.001"/>
</testsuite> <!-- OG_image.ScrappersTwitter -->
