<?xml version="1.0" encoding="UTF-8"?>
<!-- Generated by org.testng.reporters.JUnitReportReporter -->
<testsuite hostname="MKTtools" failures="0" tests="3" name="OG_image.ScrappersLinkedIn" time="10.825" errors="0" timestamp="2025-11-16T10:22:30 IST" skipped="0">
  <testcase classname="OG_image.ScrappersLinkedIn" name="LinkedInPostInception" time="3.253"/>
  <testcase classname="OG_image.ScrappersLinkedIn" name="logLastLine" time="0.001"/>
  <testcase classname="OG_image.ScrappersLinkedIn" name="LikedInLanding" time="7.571"/>
</testsuite> <!-- OG_image.ScrappersLinkedIn -->
