<?xml version="1.0" encoding="UTF-8"?>
<!-- Generated by org.testng.reporters.JUnitReportReporter -->
<testsuite hostname="MKTtools" failures="0" tests="6" name="OG_image.ScrappersFacebook" time="26.719" errors="0" timestamp="2025-11-21T12:38:59 IST" skipped="0">
  <testcase classname="OG_image.ScrappersFacebook" name="facebookPostInce" time="2.115"/>
  <testcase classname="OG_image.ScrappersFacebook" name="facebookPostInce" time="1.751"/>
  <testcase classname="OG_image.ScrappersFacebook" name="facebookPostInce" time="2.342"/>
  <testcase classname="OG_image.ScrappersFacebook" name="facebookLanding" time="18.455"/>
  <testcase classname="OG_image.ScrappersFacebook" name="logLastLine" time="0.002"/>
  <testcase classname="OG_image.ScrappersFacebook" name="facebookPostInce" time="2.054"/>
</testsuite> <!-- OG_image.ScrappersFacebook -->
